Apache Maven 3.6.3 (NON-CANONICAL_2019-11-27T20:26:29Z_root)
Maven home: /opt/maven
Java version: 13.0.2, vendor: N/A, runtime: /usr/lib/jvm/java-13-openjdk
Default locale: de_DE, platform encoding: UTF-8
OS name: "linux", version: "5.5.4-arch1-1", arch: "amd64", family: "unix"
[DEBUG] Created new class realm maven.api
[DEBUG] Importing foreign packages into class realm maven.api
[DEBUG]   Imported: javax.annotation.* < plexus.core
[DEBUG]   Imported: javax.annotation.security.* < plexus.core
[DEBUG]   Imported: javax.enterprise.inject.* < plexus.core
[DEBUG]   Imported: javax.enterprise.util.* < plexus.core
[DEBUG]   Imported: javax.inject.* < plexus.core
[DEBUG]   Imported: org.apache.maven.* < plexus.core
[DEBUG]   Imported: org.apache.maven.artifact < plexus.core
[DEBUG]   Imported: org.apache.maven.classrealm < plexus.core
[DEBUG]   Imported: org.apache.maven.cli < plexus.core
[DEBUG]   Imported: org.apache.maven.configuration < plexus.core
[DEBUG]   Imported: org.apache.maven.exception < plexus.core
[DEBUG]   Imported: org.apache.maven.execution < plexus.core
[DEBUG]   Imported: org.apache.maven.execution.scope < plexus.core
[DEBUG]   Imported: org.apache.maven.lifecycle < plexus.core
[DEBUG]   Imported: org.apache.maven.model < plexus.core
[DEBUG]   Imported: org.apache.maven.monitor < plexus.core
[DEBUG]   Imported: org.apache.maven.plugin < plexus.core
[DEBUG]   Imported: org.apache.maven.profiles < plexus.core
[DEBUG]   Imported: org.apache.maven.project < plexus.core
[DEBUG]   Imported: org.apache.maven.reporting < plexus.core
[DEBUG]   Imported: org.apache.maven.repository < plexus.core
[DEBUG]   Imported: org.apache.maven.rtinfo < plexus.core
[DEBUG]   Imported: org.apache.maven.settings < plexus.core
[DEBUG]   Imported: org.apache.maven.toolchain < plexus.core
[DEBUG]   Imported: org.apache.maven.usability < plexus.core
[DEBUG]   Imported: org.apache.maven.wagon.* < plexus.core
[DEBUG]   Imported: org.apache.maven.wagon.authentication < plexus.core
[DEBUG]   Imported: org.apache.maven.wagon.authorization < plexus.core
[DEBUG]   Imported: org.apache.maven.wagon.events < plexus.core
[DEBUG]   Imported: org.apache.maven.wagon.observers < plexus.core
[DEBUG]   Imported: org.apache.maven.wagon.proxy < plexus.core
[DEBUG]   Imported: org.apache.maven.wagon.repository < plexus.core
[DEBUG]   Imported: org.apache.maven.wagon.resource < plexus.core
[DEBUG]   Imported: org.codehaus.classworlds < plexus.core
[DEBUG]   Imported: org.codehaus.plexus.* < plexus.core
[DEBUG]   Imported: org.codehaus.plexus.classworlds < plexus.core
[DEBUG]   Imported: org.codehaus.plexus.component < plexus.core
[DEBUG]   Imported: org.codehaus.plexus.configuration < plexus.core
[DEBUG]   Imported: org.codehaus.plexus.container < plexus.core
[DEBUG]   Imported: org.codehaus.plexus.context < plexus.core
[DEBUG]   Imported: org.codehaus.plexus.lifecycle < plexus.core
[DEBUG]   Imported: org.codehaus.plexus.logging < plexus.core
[DEBUG]   Imported: org.codehaus.plexus.personality < plexus.core
[DEBUG]   Imported: org.codehaus.plexus.util.xml.Xpp3Dom < plexus.core
[DEBUG]   Imported: org.codehaus.plexus.util.xml.pull.XmlPullParser < plexus.core
[DEBUG]   Imported: org.codehaus.plexus.util.xml.pull.XmlPullParserException < plexus.core
[DEBUG]   Imported: org.codehaus.plexus.util.xml.pull.XmlSerializer < plexus.core
[DEBUG]   Imported: org.eclipse.aether.* < plexus.core
[DEBUG]   Imported: org.eclipse.aether.artifact < plexus.core
[DEBUG]   Imported: org.eclipse.aether.collection < plexus.core
[DEBUG]   Imported: org.eclipse.aether.deployment < plexus.core
[DEBUG]   Imported: org.eclipse.aether.graph < plexus.core
[DEBUG]   Imported: org.eclipse.aether.impl < plexus.core
[DEBUG]   Imported: org.eclipse.aether.installation < plexus.core
[DEBUG]   Imported: org.eclipse.aether.internal.impl < plexus.core
[DEBUG]   Imported: org.eclipse.aether.metadata < plexus.core
[DEBUG]   Imported: org.eclipse.aether.repository < plexus.core
[DEBUG]   Imported: org.eclipse.aether.resolution < plexus.core
[DEBUG]   Imported: org.eclipse.aether.spi < plexus.core
[DEBUG]   Imported: org.eclipse.aether.transfer < plexus.core
[DEBUG]   Imported: org.eclipse.aether.version < plexus.core
[DEBUG]   Imported: org.fusesource.jansi.* < plexus.core
[DEBUG]   Imported: org.slf4j.* < plexus.core
[DEBUG]   Imported: org.slf4j.event.* < plexus.core
[DEBUG]   Imported: org.slf4j.helpers.* < plexus.core
[DEBUG]   Imported: org.slf4j.spi.* < plexus.core
[DEBUG] Populating class realm maven.api
[INFO] Error stacktraces are turned on.
[DEBUG] Message scheme: color
[DEBUG] Message styles: debug info warning error success failure strong mojo project
[DEBUG] Reading global settings from /opt/maven/conf/settings.xml
[DEBUG] Reading user settings from /home/s0/.m2/settings.xml
[DEBUG] Reading global toolchains from /opt/maven/conf/toolchains.xml
[DEBUG] Reading user toolchains from /home/s0/.m2/toolchains.xml
[DEBUG] Using local repository at /home/s0/.m2/repository
[DEBUG] Using manager EnhancedLocalRepositoryManager with priority 10.0 for /home/s0/.m2/repository
[INFO] Scanning for projects...
[DEBUG] Extension realms for project de.unibremen.sfb:SFB-Farbig:war:1.0-SNAPSHOT: (none)
[DEBUG] Looking up lifecycle mappings for packaging war from ClassRealm[plexus.core, parent: null]
[DEBUG] === REACTOR BUILD PLAN ================================================
[DEBUG] Project: de.unibremen.sfb:SFB-Farbig:war:1.0-SNAPSHOT
[DEBUG] Tasks:   [test]
[DEBUG] Style:   Regular
[DEBUG] =======================================================================
[INFO] 
[INFO] --------------------< de.unibremen.sfb:SFB-Farbig >---------------------
[INFO] Building Farbiges SFB 1.0-SNAPSHOT
[INFO] --------------------------------[ war ]---------------------------------
[DEBUG] Lifecycle default -> [validate, initialize, generate-sources, process-sources, generate-resources, process-resources, compile, process-classes, generate-test-sources, process-test-sources, generate-test-resources, process-test-resources, test-compile, process-test-classes, test, prepare-package, package, pre-integration-test, integration-test, post-integration-test, verify, install, deploy]
[DEBUG] Lifecycle clean -> [pre-clean, clean, post-clean]
[DEBUG] Lifecycle site -> [pre-site, site, post-site, site-deploy]
[DEBUG] Lifecycle default -> [validate, initialize, generate-sources, process-sources, generate-resources, process-resources, compile, process-classes, generate-test-sources, process-test-sources, generate-test-resources, process-test-resources, test-compile, process-test-classes, test, prepare-package, package, pre-integration-test, integration-test, post-integration-test, verify, install, deploy]
[DEBUG] Lifecycle clean -> [pre-clean, clean, post-clean]
[DEBUG] Lifecycle site -> [pre-site, site, post-site, site-deploy]
[DEBUG] Lifecycle default -> [validate, initialize, generate-sources, process-sources, generate-resources, process-resources, compile, process-classes, generate-test-sources, process-test-sources, generate-test-resources, process-test-resources, test-compile, process-test-classes, test, prepare-package, package, pre-integration-test, integration-test, post-integration-test, verify, install, deploy]
[DEBUG] Lifecycle clean -> [pre-clean, clean, post-clean]
[DEBUG] Lifecycle site -> [pre-site, site, post-site, site-deploy]
[DEBUG] Lifecycle default -> [validate, initialize, generate-sources, process-sources, generate-resources, process-resources, compile, process-classes, generate-test-sources, process-test-sources, generate-test-resources, process-test-resources, test-compile, process-test-classes, test, prepare-package, package, pre-integration-test, integration-test, post-integration-test, verify, install, deploy]
[DEBUG] Lifecycle clean -> [pre-clean, clean, post-clean]
[DEBUG] Lifecycle site -> [pre-site, site, post-site, site-deploy]
[DEBUG] Lifecycle default -> [validate, initialize, generate-sources, process-sources, generate-resources, process-resources, compile, process-classes, generate-test-sources, process-test-sources, generate-test-resources, process-test-resources, test-compile, process-test-classes, test, prepare-package, package, pre-integration-test, integration-test, post-integration-test, verify, install, deploy]
[DEBUG] Lifecycle clean -> [pre-clean, clean, post-clean]
[DEBUG] Lifecycle site -> [pre-site, site, post-site, site-deploy]
[DEBUG] Lifecycle default -> [validate, initialize, generate-sources, process-sources, generate-resources, process-resources, compile, process-classes, generate-test-sources, process-test-sources, generate-test-resources, process-test-resources, test-compile, process-test-classes, test, prepare-package, package, pre-integration-test, integration-test, post-integration-test, verify, install, deploy]
[DEBUG] Lifecycle clean -> [pre-clean, clean, post-clean]
[DEBUG] Lifecycle site -> [pre-site, site, post-site, site-deploy]
[DEBUG] === PROJECT BUILD PLAN ================================================
[DEBUG] Project:       de.unibremen.sfb:SFB-Farbig:1.0-SNAPSHOT
[DEBUG] Dependencies (collect): []
[DEBUG] Dependencies (resolve): [compile, test]
[DEBUG] Repositories (dependencies): [mvnrepository (http://www.mvnrepository.com, default, releases+snapshots), prime-repo (http://repository.primefaces.org, default, releases+snapshots), bintray-deluan-maven (http://dl.bintray.com/deluan/maven, default, releases), central (https://repo.maven.apache.org/maven2, default, releases)]
[DEBUG] Repositories (plugins)     : [central (https://repo.maven.apache.org/maven2, default, releases)]
[DEBUG] -----------------------------------------------------------------------
[DEBUG] Goal:          org.apache.maven.plugins:maven-resources-plugin:2.6:resources (default-resources)
[DEBUG] Style:         Regular
[DEBUG] Configuration: <?xml version="1.0" encoding="UTF-8"?>
<configuration>
  <buildFilters default-value="${project.build.filters}"/>
  <encoding default-value="${project.build.sourceEncoding}">${encoding}</encoding>
  <escapeString>${maven.resources.escapeString}</escapeString>
  <escapeWindowsPaths default-value="true">${maven.resources.escapeWindowsPaths}</escapeWindowsPaths>
  <includeEmptyDirs default-value="false">${maven.resources.includeEmptyDirs}</includeEmptyDirs>
  <outputDirectory default-value="${project.build.outputDirectory}"/>
  <overwrite default-value="false">${maven.resources.overwrite}</overwrite>
  <project default-value="${project}"/>
  <resources default-value="${project.resources}"/>
  <session default-value="${session}"/>
  <supportMultiLineFiltering default-value="false">${maven.resources.supportMultiLineFiltering}</supportMultiLineFiltering>
  <useBuildFilters default-value="true"/>
  <useDefaultDelimiters default-value="true"/>
</configuration>
[DEBUG] -----------------------------------------------------------------------
[DEBUG] Goal:          org.apache.maven.plugins:maven-compiler-plugin:3.8.1:compile (default-compile)
[DEBUG] Style:         Regular
[DEBUG] Configuration: <?xml version="1.0" encoding="UTF-8"?>
<configuration>
  <basedir default-value="${basedir}"/>
  <buildDirectory default-value="${project.build.directory}"/>
  <compilePath default-value="${project.compileClasspathElements}"/>
  <compileSourceRoots default-value="${project.compileSourceRoots}"/>
  <compilerId default-value="javac">${maven.compiler.compilerId}</compilerId>
  <compilerReuseStrategy default-value="${reuseCreated}">${maven.compiler.compilerReuseStrategy}</compilerReuseStrategy>
  <compilerVersion>${maven.compiler.compilerVersion}</compilerVersion>
  <debug default-value="true">${maven.compiler.debug}</debug>
  <debuglevel>${maven.compiler.debuglevel}</debuglevel>
  <encoding default-value="${project.build.sourceEncoding}">${encoding}</encoding>
  <executable>${maven.compiler.executable}</executable>
  <failOnError default-value="true">${maven.compiler.failOnError}</failOnError>
  <failOnWarning default-value="false">${maven.compiler.failOnWarning}</failOnWarning>
  <forceJavacCompilerUse default-value="false">${maven.compiler.forceJavacCompilerUse}</forceJavacCompilerUse>
  <fork default-value="false">${maven.compiler.fork}</fork>
  <generatedSourcesDirectory default-value="${project.build.directory}/generated-sources/annotations"/>
  <maxmem>${maven.compiler.maxmem}</maxmem>
  <meminitial>${maven.compiler.meminitial}</meminitial>
  <mojoExecution default-value="${mojoExecution}"/>
  <optimize default-value="false">${maven.compiler.optimize}</optimize>
  <outputDirectory default-value="${project.build.outputDirectory}"/>
  <parameters default-value="false">${maven.compiler.parameters}</parameters>
  <project default-value="${project}"/>
  <projectArtifact default-value="${project.artifact}"/>
  <release>${maven.compiler.release}</release>
  <session default-value="${session}"/>
  <showDeprecation default-value="false">${maven.compiler.showDeprecation}</showDeprecation>
  <showWarnings default-value="false">${maven.compiler.showWarnings}</showWarnings>
  <skipMain>${maven.main.skip}</skipMain>
  <skipMultiThreadWarning default-value="false">${maven.compiler.skipMultiThreadWarning}</skipMultiThreadWarning>
  <source default-value="1.6">11</source>
  <staleMillis default-value="0">${lastModGranularityMs}</staleMillis>
  <target default-value="1.6">11</target>
  <useIncrementalCompilation default-value="true">${maven.compiler.useIncrementalCompilation}</useIncrementalCompilation>
  <verbose default-value="false">${maven.compiler.verbose}</verbose>
</configuration>
[DEBUG] -----------------------------------------------------------------------
[DEBUG] Goal:          org.apache.maven.plugins:maven-resources-plugin:2.6:testResources (default-testResources)
[DEBUG] Style:         Regular
[DEBUG] Configuration: <?xml version="1.0" encoding="UTF-8"?>
<configuration>
  <buildFilters default-value="${project.build.filters}"/>
  <encoding default-value="${project.build.sourceEncoding}">${encoding}</encoding>
  <escapeString>${maven.resources.escapeString}</escapeString>
  <escapeWindowsPaths default-value="true">${maven.resources.escapeWindowsPaths}</escapeWindowsPaths>
  <includeEmptyDirs default-value="false">${maven.resources.includeEmptyDirs}</includeEmptyDirs>
  <outputDirectory default-value="${project.build.testOutputDirectory}"/>
  <overwrite default-value="false">${maven.resources.overwrite}</overwrite>
  <project default-value="${project}"/>
  <resources default-value="${project.testResources}"/>
  <session default-value="${session}"/>
  <skip>${maven.test.skip}</skip>
  <supportMultiLineFiltering default-value="false">${maven.resources.supportMultiLineFiltering}</supportMultiLineFiltering>
  <useBuildFilters default-value="true"/>
  <useDefaultDelimiters default-value="true"/>
</configuration>
[DEBUG] -----------------------------------------------------------------------
[DEBUG] Goal:          org.apache.maven.plugins:maven-compiler-plugin:3.8.1:testCompile (default-testCompile)
[DEBUG] Style:         Regular
[DEBUG] Configuration: <?xml version="1.0" encoding="UTF-8"?>
<configuration>
  <basedir default-value="${basedir}"/>
  <buildDirectory default-value="${project.build.directory}"/>
  <compilePath default-value="${project.compileClasspathElements}"/>
  <compileSourceRoots default-value="${project.testCompileSourceRoots}"/>
  <compilerId default-value="javac">${maven.compiler.compilerId}</compilerId>
  <compilerReuseStrategy default-value="${reuseCreated}">${maven.compiler.compilerReuseStrategy}</compilerReuseStrategy>
  <compilerVersion>${maven.compiler.compilerVersion}</compilerVersion>
  <debug default-value="true">${maven.compiler.debug}</debug>
  <debuglevel>${maven.compiler.debuglevel}</debuglevel>
  <encoding default-value="${project.build.sourceEncoding}">${encoding}</encoding>
  <executable>${maven.compiler.executable}</executable>
  <failOnError default-value="true">${maven.compiler.failOnError}</failOnError>
  <failOnWarning default-value="false">${maven.compiler.failOnWarning}</failOnWarning>
  <forceJavacCompilerUse default-value="false">${maven.compiler.forceJavacCompilerUse}</forceJavacCompilerUse>
  <fork default-value="false">${maven.compiler.fork}</fork>
  <generatedTestSourcesDirectory default-value="${project.build.directory}/generated-test-sources/test-annotations"/>
  <maxmem>${maven.compiler.maxmem}</maxmem>
  <meminitial>${maven.compiler.meminitial}</meminitial>
  <mojoExecution default-value="${mojoExecution}"/>
  <optimize default-value="false">${maven.compiler.optimize}</optimize>
  <outputDirectory default-value="${project.build.testOutputDirectory}"/>
  <parameters default-value="false">${maven.compiler.parameters}</parameters>
  <project default-value="${project}"/>
  <release>${maven.compiler.release}</release>
  <session default-value="${session}"/>
  <showDeprecation default-value="false">${maven.compiler.showDeprecation}</showDeprecation>
  <showWarnings default-value="false">${maven.compiler.showWarnings}</showWarnings>
  <skip>${maven.test.skip}</skip>
  <skipMultiThreadWarning default-value="false">${maven.compiler.skipMultiThreadWarning}</skipMultiThreadWarning>
  <source default-value="1.6">11</source>
  <staleMillis default-value="0">${lastModGranularityMs}</staleMillis>
  <target default-value="1.6">11</target>
  <testPath default-value="${project.testClasspathElements}"/>
  <testRelease>${maven.compiler.testRelease}</testRelease>
  <testSource>${maven.compiler.testSource}</testSource>
  <testTarget>${maven.compiler.testTarget}</testTarget>
  <useIncrementalCompilation default-value="true">${maven.compiler.useIncrementalCompilation}</useIncrementalCompilation>
  <verbose default-value="false">${maven.compiler.verbose}</verbose>
</configuration>
[DEBUG] -----------------------------------------------------------------------
[DEBUG] Goal:          org.apache.maven.plugins:maven-surefire-plugin:3.0.0-M4:test (default-test)
[DEBUG] Style:         Regular
[DEBUG] Configuration: <?xml version="1.0" encoding="UTF-8"?>
<configuration>
  <additionalClasspathElements>${maven.test.additionalClasspath}</additionalClasspathElements>
  <argLine>${argLine}</argLine>
  <basedir default-value="${basedir}"/>
  <childDelegation default-value="false">${childDelegation}</childDelegation>
  <classesDirectory default-value="${project.build.outputDirectory}"/>
  <classpathDependencyExcludes>${maven.test.dependency.excludes}</classpathDependencyExcludes>
  <debugForkedProcess>${maven.surefire.debug}</debugForkedProcess>
  <dependenciesToScan>${dependenciesToScan}</dependenciesToScan>
  <disableXmlReport default-value="false">${disableXmlReport}</disableXmlReport>
  <enableAssertions default-value="true">${enableAssertions}</enableAssertions>
  <enableProcessChecker>${surefire.enableProcessChecker}</enableProcessChecker>
  <encoding default-value="${project.reporting.outputEncoding}">${surefire.encoding}</encoding>
  <excludedEnvironmentVariables>${surefire.excludedEnvironmentVariables}</excludedEnvironmentVariables>
  <excludedGroups>${excludedGroups}</excludedGroups>
  <excludesFile>${surefire.excludesFile}</excludesFile>
  <failIfNoSpecifiedTests>${surefire.failIfNoSpecifiedTests}</failIfNoSpecifiedTests>
  <failIfNoTests>${failIfNoTests}</failIfNoTests>
  <forkCount default-value="1">${forkCount}</forkCount>
  <forkMode default-value="once">${forkMode}</forkMode>
  <forkedProcessExitTimeoutInSeconds default-value="30">${surefire.exitTimeout}</forkedProcessExitTimeoutInSeconds>
  <forkedProcessTimeoutInSeconds>${surefire.timeout}</forkedProcessTimeoutInSeconds>
  <groups>${groups}</groups>
  <includesFile>${surefire.includesFile}</includesFile>
  <junitArtifactName default-value="junit:junit">${junitArtifactName}</junitArtifactName>
  <jvm>${jvm}</jvm>
  <localRepository default-value="${localRepository}"/>
  <objectFactory>${objectFactory}</objectFactory>
  <parallel>${parallel}</parallel>
  <parallelMavenExecution default-value="${session.parallel}"/>
  <parallelOptimized default-value="true">${parallelOptimized}</parallelOptimized>
  <parallelTestsTimeoutForcedInSeconds>${surefire.parallel.forcedTimeout}</parallelTestsTimeoutForcedInSeconds>
  <parallelTestsTimeoutInSeconds>${surefire.parallel.timeout}</parallelTestsTimeoutInSeconds>
  <perCoreThreadCount default-value="true">${perCoreThreadCount}</perCoreThreadCount>
  <pluginArtifactMap>${plugin.artifactMap}</pluginArtifactMap>
  <pluginDescriptor default-value="${plugin}"/>
  <printSummary default-value="true">${surefire.printSummary}</printSummary>
  <project default-value="${project}"/>
  <projectArtifactMap>${project.artifactMap}</projectArtifactMap>
  <projectBuildDirectory default-value="${project.build.directory}"/>
  <projectRemoteRepositories default-value="${project.remoteArtifactRepositories}"/>
  <redirectTestOutputToFile default-value="false">${maven.test.redirectTestOutputToFile}</redirectTestOutputToFile>
  <remoteRepositories default-value="${project.pluginArtifactRepositories}"/>
  <reportFormat default-value="brief">${surefire.reportFormat}</reportFormat>
  <reportNameSuffix default-value="">${surefire.reportNameSuffix}</reportNameSuffix>
  <reportsDirectory default-value="${project.build.directory}/surefire-reports"/>
  <rerunFailingTestsCount default-value="0">${surefire.rerunFailingTestsCount}</rerunFailingTestsCount>
  <reuseForks default-value="true">${reuseForks}</reuseForks>
  <runOrder default-value="filesystem">${surefire.runOrder}</runOrder>
  <session default-value="${session}"/>
  <shutdown default-value="exit">${surefire.shutdown}</shutdown>
  <skip default-value="false">${maven.test.skip}</skip>
  <skipAfterFailureCount default-value="0">${surefire.skipAfterFailureCount}</skipAfterFailureCount>
  <skipExec>${maven.test.skip.exec}</skipExec>
  <skipTests default-value="false">${skipTests}</skipTests>
  <suiteXmlFiles>${surefire.suiteXmlFiles}</suiteXmlFiles>
  <tempDir default-value="surefire">${tempDir}</tempDir>
  <test>${test}</test>
  <testClassesDirectory default-value="${project.build.testOutputDirectory}"/>
  <testFailureIgnore default-value="false">${maven.test.failure.ignore}</testFailureIgnore>
  <testNGArtifactName default-value="org.testng:testng">${testNGArtifactName}</testNGArtifactName>
  <testSourceDirectory default-value="${project.build.testSourceDirectory}"/>
  <threadCount>${threadCount}</threadCount>
  <threadCountClasses default-value="0">${threadCountClasses}</threadCountClasses>
  <threadCountMethods default-value="0">${threadCountMethods}</threadCountMethods>
  <threadCountSuites default-value="0">${threadCountSuites}</threadCountSuites>
  <trimStackTrace default-value="true">${trimStackTrace}</trimStackTrace>
  <useFile default-value="true">${surefire.useFile}</useFile>
  <useManifestOnlyJar default-value="true">${surefire.useManifestOnlyJar}</useManifestOnlyJar>
  <useModulePath default-value="true">${surefire.useModulePath}</useModulePath>
  <useSystemClassLoader default-value="true">false</useSystemClassLoader>
  <useUnlimitedThreads default-value="false">${useUnlimitedThreads}</useUnlimitedThreads>
  <workingDirectory>${basedir}</workingDirectory>
</configuration>
[DEBUG] =======================================================================
[DEBUG] Dependency collection stats: {ConflictMarker.analyzeTime=801721, ConflictMarker.markTime=344850, ConflictMarker.nodeCount=122, ConflictIdSorter.graphTime=405536, ConflictIdSorter.topsortTime=267762, ConflictIdSorter.conflictIdCount=65, ConflictIdSorter.conflictIdCycleCount=0, ConflictResolver.totalTime=6102019, ConflictResolver.conflictItemCount=100, DefaultDependencyCollector.collectTime=297806779, DefaultDependencyCollector.transformTime=9324437}
[DEBUG] de.unibremen.sfb:SFB-Farbig:war:1.0-SNAPSHOT
[DEBUG]    javax:javaee-api:jar:8.0:provided
[DEBUG]       com.sun.mail:javax.mail:jar:1.6.0:provided
[DEBUG]    org.primefaces:primefaces:jar:8.0.RC1:compile
[DEBUG]    org.omnifaces:omnifaces:jar:3.2:compile
[DEBUG]    org.primefaces.themes:all-themes:jar:1.0.10:compile
[DEBUG]    com.github.javafaker:javafaker:jar:0.17.2:compile
[DEBUG]       org.apache.commons:commons-lang3:jar:3.5:compile
[DEBUG]       org.yaml:snakeyaml:jar:android:1.23:compile
[DEBUG]       com.github.mifmif:generex:jar:1.0.2:compile
[DEBUG]          dk.brics.automaton:automaton:jar:1.11-8:compile
[DEBUG]    org.projectlombok:lombok:jar:1.18.10:provided
[DEBUG]    nl.talsmasoftware:umldoclet:jar:2.0.7:provided (optional)
[DEBUG]    org.slf4j:slf4j-api:jar:1.7.21:compile
[DEBUG]    org.slf4j:jcl-over-slf4j:jar:1.7.21:runtime
[DEBUG]    ch.qos.logback:logback-classic:jar:1.2.3:runtime
[DEBUG]       ch.qos.logback:logback-core:jar:1.2.3:runtime
[DEBUG]    org.apache.shiro:shiro-core:jar:1.5.1:compile
[DEBUG]       org.apache.shiro:shiro-lang:jar:1.5.1:compile
[DEBUG]       org.apache.shiro:shiro-cache:jar:1.5.1:compile
[DEBUG]       org.apache.shiro:shiro-crypto-hash:jar:1.5.1:compile
[DEBUG]          org.apache.shiro:shiro-crypto-core:jar:1.5.1:compile
[DEBUG]       org.apache.shiro:shiro-crypto-cipher:jar:1.5.1:compile
[DEBUG]       org.apache.shiro:shiro-config-core:jar:1.5.1:compile
[DEBUG]       org.apache.shiro:shiro-config-ogdl:jar:1.5.1:compile
[DEBUG]          commons-beanutils:commons-beanutils:jar:1.9.4:compile
[DEBUG]             commons-collections:commons-collections:jar:3.2.2:compile
[DEBUG]       org.apache.shiro:shiro-event:jar:1.5.1:compile
[DEBUG]    org.apache.shiro:shiro-web:jar:1.5.1:compile
[DEBUG]       org.owasp.encoder:encoder:jar:1.2.2:compile
[DEBUG]    org.apache.shiro:shiro-faces:jar:2.0:compile
[DEBUG]    javax.json:javax.json-api:jar:1.1:compile
[DEBUG]    org.glassfish:javax.json:jar:1.1:runtime
[DEBUG]    javax.json.bind:javax.json.bind-api:jar:1.0.0-RC2:compile
[DEBUG]    org.eclipse:yasson:jar:1.0.0-RC1:runtime
[DEBUG]       javax.enterprise:cdi-api:jar:1.2:runtime
[DEBUG]          javax.el:javax.el-api:jar:3.0.0:runtime
[DEBUG]          javax.interceptor:javax.interceptor-api:jar:1.2:runtime
[DEBUG]          javax.inject:javax.inject:jar:1:runtime
[DEBUG]    javax.mail:mail:jar:1.5.0-b01:compile
[DEBUG]       javax.activation:activation:jar:1.1:compile
[DEBUG]    org.junit.jupiter:junit-jupiter-engine:jar:5.3.1:test
[DEBUG]       org.apiguardian:apiguardian-api:jar:1.0.0:test
[DEBUG]       org.junit.platform:junit-platform-engine:jar:1.3.1:test
[DEBUG]          org.junit.platform:junit-platform-commons:jar:1.3.1:test
[DEBUG]          org.opentest4j:opentest4j:jar:1.1.1:test
[DEBUG]       org.junit.jupiter:junit-jupiter-api:jar:5.3.1:test
[DEBUG]    org.mockito:mockito-core:jar:2.21.0:test
[DEBUG]       net.bytebuddy:byte-buddy:jar:1.8.15:test
[DEBUG]       net.bytebuddy:byte-buddy-agent:jar:1.8.15:test
[DEBUG]       org.objenesis:objenesis:jar:2.6:test
[DEBUG]    org.mockito:mockito-junit-jupiter:jar:2.23.0:test
[DEBUG]    org.jboss.weld:weld-junit5:jar:2.0.1.Final:test
[DEBUG]       org.jboss.weld.se:weld-se-core:jar:3.1.2.Final:test
[DEBUG]          org.jboss.weld.environment:weld-environment-common:jar:3.1.2.Final:test
[DEBUG]             org.jboss.weld:weld-core-impl:jar:3.1.2.Final:test
[DEBUG]                org.jboss.weld:weld-api:jar:3.1.SP1:test
[DEBUG]                org.jboss.weld:weld-spi:jar:3.1.SP1:test
[DEBUG]                org.jboss.spec.javax.annotation:jboss-annotations-api_1.3_spec:jar:1.0.0.Final:test
[DEBUG]                org.jboss.spec.javax.el:jboss-el-api_3.0_spec:jar:1.0.13.Final:test
[DEBUG]                org.jboss.spec.javax.interceptor:jboss-interceptors-api_1.2_spec:jar:1.0.0.Final:test
[DEBUG]                org.jboss.logging:jboss-logging:jar:3.2.1.Final:test
[DEBUG]          org.jboss.weld.probe:weld-probe-core:jar:3.1.2.Final:test
[DEBUG]          org.jboss.classfilewriter:jboss-classfilewriter:jar:1.2.4.Final:test
[DEBUG]       org.jboss.weld:weld-junit-common:jar:2.0.1.Final:test
[DEBUG]          org.hibernate.javax.persistence:hibernate-jpa-2.1-api:jar:1.0.0.Final:test
[INFO] 
[INFO] --- maven-resources-plugin:2.6:resources (default-resources) @ SFB-Farbig ---
[DEBUG] Dependency collection stats: {ConflictMarker.analyzeTime=206576, ConflictMarker.markTime=118609, ConflictMarker.nodeCount=77, ConflictIdSorter.graphTime=95894, ConflictIdSorter.topsortTime=21689, ConflictIdSorter.conflictIdCount=26, ConflictIdSorter.conflictIdCycleCount=0, ConflictResolver.totalTime=796508, ConflictResolver.conflictItemCount=74, DefaultDependencyCollector.collectTime=53300764, DefaultDependencyCollector.transformTime=1298912}
[DEBUG] org.apache.maven.plugins:maven-resources-plugin:jar:2.6
[DEBUG]    org.apache.maven:maven-plugin-api:jar:2.0.6:compile
[DEBUG]    org.apache.maven:maven-project:jar:2.0.6:compile
[DEBUG]       org.apache.maven:maven-profile:jar:2.0.6:compile
[DEBUG]       org.apache.maven:maven-artifact-manager:jar:2.0.6:compile
[DEBUG]       org.apache.maven:maven-plugin-registry:jar:2.0.6:compile
[DEBUG]    org.apache.maven:maven-core:jar:2.0.6:compile
[DEBUG]       org.apache.maven:maven-plugin-parameter-documenter:jar:2.0.6:compile
[DEBUG]       org.apache.maven.reporting:maven-reporting-api:jar:2.0.6:compile
[DEBUG]          org.apache.maven.doxia:doxia-sink-api:jar:1.0-alpha-7:compile
[DEBUG]       org.apache.maven:maven-repository-metadata:jar:2.0.6:compile
[DEBUG]       org.apache.maven:maven-error-diagnostics:jar:2.0.6:compile
[DEBUG]       commons-cli:commons-cli:jar:1.0:compile
[DEBUG]       org.apache.maven:maven-plugin-descriptor:jar:2.0.6:compile
[DEBUG]       org.codehaus.plexus:plexus-interactivity-api:jar:1.0-alpha-4:compile
[DEBUG]       classworlds:classworlds:jar:1.1:compile
[DEBUG]    org.apache.maven:maven-artifact:jar:2.0.6:compile
[DEBUG]    org.apache.maven:maven-settings:jar:2.0.6:compile
[DEBUG]    org.apache.maven:maven-model:jar:2.0.6:compile
[DEBUG]    org.apache.maven:maven-monitor:jar:2.0.6:compile
[DEBUG]    org.codehaus.plexus:plexus-container-default:jar:1.0-alpha-9-stable-1:compile
[DEBUG]       junit:junit:jar:3.8.1:compile
[DEBUG]    org.codehaus.plexus:plexus-utils:jar:2.0.5:compile
[DEBUG]    org.apache.maven.shared:maven-filtering:jar:1.1:compile
[DEBUG]       org.sonatype.plexus:plexus-build-api:jar:0.0.4:compile
[DEBUG]    org.codehaus.plexus:plexus-interpolation:jar:1.13:compile
[DEBUG] Created new class realm plugin>org.apache.maven.plugins:maven-resources-plugin:2.6
[DEBUG] Importing foreign packages into class realm plugin>org.apache.maven.plugins:maven-resources-plugin:2.6
[DEBUG]   Imported:  < maven.api
[DEBUG] Populating class realm plugin>org.apache.maven.plugins:maven-resources-plugin:2.6
[DEBUG]   Included: org.apache.maven.plugins:maven-resources-plugin:jar:2.6
[DEBUG]   Included: org.apache.maven.reporting:maven-reporting-api:jar:2.0.6
[DEBUG]   Included: org.apache.maven.doxia:doxia-sink-api:jar:1.0-alpha-7
[DEBUG]   Included: commons-cli:commons-cli:jar:1.0
[DEBUG]   Included: org.codehaus.plexus:plexus-interactivity-api:jar:1.0-alpha-4
[DEBUG]   Included: junit:junit:jar:3.8.1
[DEBUG]   Included: org.codehaus.plexus:plexus-utils:jar:2.0.5
[DEBUG]   Included: org.apache.maven.shared:maven-filtering:jar:1.1
[DEBUG]   Included: org.sonatype.plexus:plexus-build-api:jar:0.0.4
[DEBUG]   Included: org.codehaus.plexus:plexus-interpolation:jar:1.13
[DEBUG] Configuring mojo org.apache.maven.plugins:maven-resources-plugin:2.6:resources from plugin realm ClassRealm[plugin>org.apache.maven.plugins:maven-resources-plugin:2.6, parent: jdk.internal.loader.ClassLoaders$AppClassLoader@b81eda8]
[DEBUG] Configuring mojo 'org.apache.maven.plugins:maven-resources-plugin:2.6:resources' with basic configurator -->
[DEBUG]   (f) buildFilters = []
[DEBUG]   (f) encoding = UTF-8
[DEBUG]   (f) escapeWindowsPaths = true
[DEBUG]   (s) includeEmptyDirs = false
[DEBUG]   (s) outputDirectory = /home/s0/Code/Uni/SWPNP/softwareprojekt-2/target/classes
[DEBUG]   (s) overwrite = false
[DEBUG]   (f) project = MavenProject: de.unibremen.sfb:SFB-Farbig:1.0-SNAPSHOT @ /home/s0/Code/Uni/SWPNP/softwareprojekt-2/pom.xml
[DEBUG]   (s) resources = [Resource {targetPath: null, filtering: false, FileSet {directory: /home/s0/Code/Uni/SWPNP/softwareprojekt-2/src/main/resources, PatternSet [includes: {}, excludes: {}]}}]
[DEBUG]   (f) session = org.apache.maven.execution.MavenSession@39ad12b6
[DEBUG]   (f) supportMultiLineFiltering = false
[DEBUG]   (f) useBuildFilters = true
[DEBUG]   (s) useDefaultDelimiters = true
[DEBUG] -- end configuration --
[DEBUG] properties used {env.TERM=xterm-256color, java.specification.version=13, sun.arch.data.model=64, java.vendor.url=https://openjdk.java.net/, sun.boot.library.path=/usr/lib/jvm/java-13-openjdk/lib, sun.java.command=org.codehaus.plexus.classworlds.launcher.Launcher -X test, jdk.debug=release, maven.version=3.6.3, java.specification.vendor=Oracle Corporation, java.version.date=2020-01-14, java.home=/usr/lib/jvm/java-13-openjdk, java.vm.specification.vendor=Oracle Corporation, java.specification.name=Java Platform API Specification, sun.management.compiler=HotSpot 64-Bit Tiered Compilers, env.XDG_SESSION_PATH=/org/freedesktop/DisplayManager/Session2, java.runtime.version=13.0.2+8, env.PATH=/usr/local/bin:/usr/local/sbin:/home/s0/bin:/usr/bin:/bin:/usr/lib/jvm/default/bin:/usr/bin/site_perl:/usr/bin/vendor_perl:/usr/bin/core_perl, env.GREP_COLORS=mt=37;45, env.LESS_TERMCAP_ue=, env.LS_COLORS=rs=0:di=01;34:ln=01;36:mh=00:pi=40;33:so=01;35:do=01;35:bd=40;33;01:cd=40;33;01:or=40;31;01:mi=00:su=37;41:sg=30;43:ca=30;41:tw=30;42:ow=34;42:st=37;44:ex=01;32:*.tar=01;31:*.tgz=01;31:*.arc=01;31:*.arj=01;31:*.taz=01;31:*.lha=01;31:*.lz4=01;31:*.lzh=01;31:*.lzma=01;31:*.tlz=01;31:*.txz=01;31:*.tzo=01;31:*.t7z=01;31:*.zip=01;31:*.z=01;31:*.dz=01;31:*.gz=01;31:*.lrz=01;31:*.lz=01;31:*.lzo=01;31:*.xz=01;31:*.zst=01;31:*.tzst=01;31:*.bz2=01;31:*.bz=01;31:*.tbz=01;31:*.tbz2=01;31:*.tz=01;31:*.deb=01;31:*.rpm=01;31:*.jar=01;31:*.war=01;31:*.ear=01;31:*.sar=01;31:*.rar=01;31:*.alz=01;31:*.ace=01;31:*.zoo=01;31:*.cpio=01;31:*.7z=01;31:*.rz=01;31:*.cab=01;31:*.wim=01;31:*.swm=01;31:*.dwm=01;31:*.esd=01;31:*.jpg=01;35:*.jpeg=01;35:*.mjpg=01;35:*.mjpeg=01;35:*.gif=01;35:*.bmp=01;35:*.pbm=01;35:*.pgm=01;35:*.ppm=01;35:*.tga=01;35:*.xbm=01;35:*.xpm=01;35:*.tif=01;35:*.tiff=01;35:*.png=01;35:*.svg=01;35:*.svgz=01;35:*.mng=01;35:*.pcx=01;35:*.mov=01;35:*.mpg=01;35:*.mpeg=01;35:*.m2v=01;35:*.mkv=01;35:*.webm=01;35:*.ogm=01;35:*.mp4=01;35:*.m4v=01;35:*.mp4v=01;35:*.vob=01;35:*.qt=01;35:*.nuv=01;35:*.wmv=01;35:*.asf=01;35:*.rm=01;35:*.rmvb=01;35:*.flc=01;35:*.avi=01;35:*.fli=01;35:*.flv=01;35:*.gl=01;35:*.dl=01;35:*.xcf=01;35:*.xwd=01;35:*.yuv=01;35:*.cgm=01;35:*.emf=01;35:*.ogv=01;35:*.ogx=01;35:*.aac=00;36:*.au=00;36:*.flac=00;36:*.m4a=00;36:*.mid=00;36:*.midi=00;36:*.mka=00;36:*.mp3=00;36:*.mpc=00;36:*.ogg=00;36:*.ra=00;36:*.wav=00;36:*.oga=00;36:*.opus=00;36:*.spx=00;36:*.xspf=00;36:, env.XDG_SEAT=seat0, file.encoding=UTF-8, env.LESS_TERMCAP_us=, env.XDG_SESSION_DESKTOP=bspwm, env.SHLVL=1, java.io.tmpdir=/tmp, java.version=13.0.2, java.vm.specification.name=Java Virtual Machine Specification, java.library.path=/usr/java/packages/lib:/usr/lib64:/lib64:/lib:/usr/lib, java.vendor=N/A, classworlds.conf=/opt/maven/bin/m2.conf, sun.io.unicode.encoding=UnicodeLittle, env.XAUTHORITY=/home/s0/.Xauthority, env.LANG=de_DE.UTF-8, java.vm.specification.version=13, os.name=Linux, env.DISPLAY=:0, user.home=/home/s0, env.EDITOR=nano, env.DBUS_SESSION_BUS_ADDRESS=unix:path=/run/user/1000/bus, path.separator=:, os.version=5.5.4-arch1-1, env.MAIL=/var/spool/mail/s0, java.vm.name=OpenJDK 64-Bit Server VM, env.SHELL=/bin/zsh, env.JBOSS_HOST_CONFIG=host-master.xml, env.XDG_SEAT_PATH=/org/freedesktop/DisplayManager/Seat0, env.GTK_MODULES=canberra-gtk-module, os.arch=amd64, maven.multiModuleProjectDirectory=/home/s0/Code/Uni/SWPNP/softwareprojekt-2, env.XTERM_VERSION=XTerm(353), env.DESKTOP_SESSION=bspwm, env.MAVEN_PROJECTBASEDIR=/home/s0/Code/Uni/SWPNP/softwareprojekt-2, java.vm.info=mixed mode, env.USER=s0, java.class.version=57.0, env.JBOSS_MODE=standalone, env.JBOSS_DOMAIN_CONFIG=domain.xml, sun.jnu.encoding=UTF-8, env.VISUAL=nano, env.XDG_GREETER_DATA_DIR=/var/lib/lightdm-data/s0, maven.build.version=Apache Maven 3.6.3 (NON-CANONICAL_2019-11-27T20:26:29Z_root), env.JBOSS_CONFIG=standalone.xml, maven.home=/opt/maven, env.JAVA_HOME=/usr/lib/jvm/java-13-openjdk, env.GDMSESSION=bspwm, file.separator=/, env.LESS=-F -g -i -M -R -S -w -X -z-4, java.vm.compressedOopsMode=32-bit, line.separator=
, env.JBOSS_USER=wildfly, env.WINDOWID=44040226, env.XDG_CONFIG_HOME=/home/s0/.config, user.name=s0, env.LOGNAME=s0, env.LESS_TERMCAP_mb=, env.LESS_TERMCAP_md=, env.XTERM_LOCALE=de_DE.UTF-8, env.LESS_TERMCAP_me=, env.XDG_VTNR=7, env.XDG_RUNTIME_DIR=/run/user/1000, project.reporting.outputEncoding=UTF-8, env.XDG_SESSION_TYPE=x11, library.jansi.path=/opt/maven/lib/jansi-native, shiro.version=1.5.1, env.XDG_SESSION_CLASS=user, env.OLDPWD=/home/s0/Code/Uni/SWPNP/softwareprojekt-2, env.JBOSS_PIDFILE=/run/wildfly/wildfly.pid, env.MOZ_PLUGIN_PATH=/usr/lib/mozilla/plugins, env.PWD=/home/s0/Code/Uni/SWPNP/softwareprojekt-2, failOnMissingWebXml=false, env.PAGER=less, java.class.path=/opt/maven/boot/plexus-classworlds-2.6.0.jar, env.HOME=/home/s0, java.vm.vendor=Oracle Corporation, env.LESS_TERMCAP_se=, maven.conf=/opt/maven/conf, env.LESS_TERMCAP_so=, hypersistence-optimizer.version=2.0.1, env.GREP_COLOR=37;45, sun.java.launcher=SUN_STANDARD, user.country=DE, env.JBOSS_CONSOLE_LOG=/var/log/wildfly/console.log, sun.cpu.endian=little, user.language=de, env.JBOSS_HOME=/opt/wildfly, java.runtime.name=OpenJDK Runtime Environment, env.XTERM_SHELL=/bin/zsh, env.XDG_SESSION_ID=7, project.build.sourceEncoding=UTF-8, env.MAVEN_CMD_LINE_ARGS= -X test, java.vendor.url.bug=https://bugreport.java.com/bugreport/, user.dir=/home/s0/Code/Uni/SWPNP/softwareprojekt-2, java.vm.version=13.0.2+8}
[INFO] Using 'UTF-8' encoding to copy filtered resources.
[DEBUG] resource with targetPath null
directory /home/s0/Code/Uni/SWPNP/softwareprojekt-2/src/main/resources
excludes []
includes []
[DEBUG] ignoreDelta true
[INFO] Copying 6 resources
[DEBUG] file messages_en.properties has a filtered file extension
[DEBUG] copy /home/s0/Code/Uni/SWPNP/softwareprojekt-2/src/main/resources/de/unibremen/sfb/l/messages_en.properties to /home/s0/Code/Uni/SWPNP/softwareprojekt-2/target/classes/de/unibremen/sfb/l/messages_en.properties
[DEBUG] file messages_de.properties has a filtered file extension
[DEBUG] copy /home/s0/Code/Uni/SWPNP/softwareprojekt-2/src/main/resources/de/unibremen/sfb/l/messages_de.properties to /home/s0/Code/Uni/SWPNP/softwareprojekt-2/target/classes/de/unibremen/sfb/l/messages_de.properties
[DEBUG] file logback.xml has a filtered file extension
[DEBUG] copy /home/s0/Code/Uni/SWPNP/softwareprojekt-2/src/main/resources/logback.xml to /home/s0/Code/Uni/SWPNP/softwareprojekt-2/target/classes/logback.xml
[DEBUG] file style.css has a filtered file extension
[DEBUG] copy /home/s0/Code/Uni/SWPNP/softwareprojekt-2/src/main/resources/style.css to /home/s0/Code/Uni/SWPNP/softwareprojekt-2/target/classes/style.css
[DEBUG] file beans.xml has a filtered file extension
[DEBUG] copy /home/s0/Code/Uni/SWPNP/softwareprojekt-2/src/main/resources/META-INF/beans.xml to /home/s0/Code/Uni/SWPNP/softwareprojekt-2/target/classes/META-INF/beans.xml
[DEBUG] file persistence.xml has a filtered file extension
[DEBUG] copy /home/s0/Code/Uni/SWPNP/softwareprojekt-2/src/main/resources/META-INF/persistence.xml to /home/s0/Code/Uni/SWPNP/softwareprojekt-2/target/classes/META-INF/persistence.xml
[DEBUG] no use filter components
[INFO] 
[INFO] --- maven-compiler-plugin:3.8.1:compile (default-compile) @ SFB-Farbig ---
[DEBUG] Dependency collection stats: {ConflictMarker.analyzeTime=249216, ConflictMarker.markTime=77680, ConflictMarker.nodeCount=118, ConflictIdSorter.graphTime=121884, ConflictIdSorter.topsortTime=40255, ConflictIdSorter.conflictIdCount=45, ConflictIdSorter.conflictIdCycleCount=0, ConflictResolver.totalTime=1068446, ConflictResolver.conflictItemCount=72, DefaultDependencyCollector.collectTime=121332918, DefaultDependencyCollector.transformTime=1590787}
[DEBUG] org.apache.maven.plugins:maven-compiler-plugin:jar:3.8.1
[DEBUG]    org.apache.maven:maven-plugin-api:jar:3.0:compile
[DEBUG]       org.apache.maven:maven-model:jar:3.0:compile
[DEBUG]       org.sonatype.sisu:sisu-inject-plexus:jar:1.4.2:compile
[DEBUG]          org.sonatype.sisu:sisu-inject-bean:jar:1.4.2:compile
[DEBUG]             org.sonatype.sisu:sisu-guice:jar:noaop:2.1.7:compile
[DEBUG]    org.apache.maven:maven-artifact:jar:3.0:compile
[DEBUG]       org.codehaus.plexus:plexus-utils:jar:2.0.4:compile
[DEBUG]    org.apache.maven:maven-core:jar:3.0:compile
[DEBUG]       org.apache.maven:maven-settings:jar:3.0:compile
[DEBUG]       org.apache.maven:maven-settings-builder:jar:3.0:compile
[DEBUG]       org.apache.maven:maven-repository-metadata:jar:3.0:compile
[DEBUG]       org.apache.maven:maven-model-builder:jar:3.0:compile
[DEBUG]       org.apache.maven:maven-aether-provider:jar:3.0:runtime
[DEBUG]       org.sonatype.aether:aether-impl:jar:1.7:compile
[DEBUG]          org.sonatype.aether:aether-spi:jar:1.7:compile
[DEBUG]       org.sonatype.aether:aether-api:jar:1.7:compile
[DEBUG]       org.sonatype.aether:aether-util:jar:1.7:compile
[DEBUG]       org.codehaus.plexus:plexus-interpolation:jar:1.14:compile
[DEBUG]       org.codehaus.plexus:plexus-classworlds:jar:2.2.3:compile
[DEBUG]       org.codehaus.plexus:plexus-component-annotations:jar:1.7.1:compile (version managed from default)
[DEBUG]       org.sonatype.plexus:plexus-sec-dispatcher:jar:1.3:compile
[DEBUG]          org.sonatype.plexus:plexus-cipher:jar:1.4:compile
[DEBUG]    org.apache.maven.shared:maven-shared-utils:jar:3.2.1:compile
[DEBUG]       commons-io:commons-io:jar:2.5:compile
[DEBUG]    org.apache.maven.shared:maven-shared-incremental:jar:1.1:compile
[DEBUG]    org.codehaus.plexus:plexus-java:jar:0.9.10:compile
[DEBUG]       org.ow2.asm:asm:jar:6.2:compile
[DEBUG]       com.thoughtworks.qdox:qdox:jar:2.0-M9:compile (version managed from default)
[DEBUG]    org.codehaus.plexus:plexus-compiler-api:jar:2.8.4:compile
[DEBUG]    org.codehaus.plexus:plexus-compiler-manager:jar:2.8.4:compile
[DEBUG]    org.codehaus.plexus:plexus-compiler-javac:jar:2.8.4:runtime
[DEBUG] Created new class realm plugin>org.apache.maven.plugins:maven-compiler-plugin:3.8.1
[DEBUG] Importing foreign packages into class realm plugin>org.apache.maven.plugins:maven-compiler-plugin:3.8.1
[DEBUG]   Imported:  < maven.api
[DEBUG] Populating class realm plugin>org.apache.maven.plugins:maven-compiler-plugin:3.8.1
[DEBUG]   Included: org.apache.maven.plugins:maven-compiler-plugin:jar:3.8.1
[DEBUG]   Included: org.sonatype.sisu:sisu-inject-bean:jar:1.4.2
[DEBUG]   Included: org.sonatype.sisu:sisu-guice:jar:noaop:2.1.7
[DEBUG]   Included: org.codehaus.plexus:plexus-utils:jar:2.0.4
[DEBUG]   Included: org.sonatype.aether:aether-util:jar:1.7
[DEBUG]   Included: org.codehaus.plexus:plexus-interpolation:jar:1.14
[DEBUG]   Included: org.codehaus.plexus:plexus-component-annotations:jar:1.7.1
[DEBUG]   Included: org.sonatype.plexus:plexus-sec-dispatcher:jar:1.3
[DEBUG]   Included: org.sonatype.plexus:plexus-cipher:jar:1.4
[DEBUG]   Included: org.apache.maven.shared:maven-shared-utils:jar:3.2.1
[DEBUG]   Included: commons-io:commons-io:jar:2.5
[DEBUG]   Included: org.apache.maven.shared:maven-shared-incremental:jar:1.1
[DEBUG]   Included: org.codehaus.plexus:plexus-java:jar:0.9.10
[DEBUG]   Included: org.ow2.asm:asm:jar:6.2
[DEBUG]   Included: com.thoughtworks.qdox:qdox:jar:2.0-M9
[DEBUG]   Included: org.codehaus.plexus:plexus-compiler-api:jar:2.8.4
[DEBUG]   Included: org.codehaus.plexus:plexus-compiler-manager:jar:2.8.4
[DEBUG]   Included: org.codehaus.plexus:plexus-compiler-javac:jar:2.8.4
[DEBUG] Configuring mojo org.apache.maven.plugins:maven-compiler-plugin:3.8.1:compile from plugin realm ClassRealm[plugin>org.apache.maven.plugins:maven-compiler-plugin:3.8.1, parent: jdk.internal.loader.ClassLoaders$AppClassLoader@b81eda8]
[DEBUG] Configuring mojo 'org.apache.maven.plugins:maven-compiler-plugin:3.8.1:compile' with basic configurator -->
[DEBUG]   (f) basedir = /home/s0/Code/Uni/SWPNP/softwareprojekt-2
[DEBUG]   (f) buildDirectory = /home/s0/Code/Uni/SWPNP/softwareprojekt-2/target
[DEBUG]   (f) compilePath = [/home/s0/Code/Uni/SWPNP/softwareprojekt-2/target/classes, /home/s0/.m2/repository/javax/javaee-api/8.0/javaee-api-8.0.jar, /home/s0/.m2/repository/com/sun/mail/javax.mail/1.6.0/javax.mail-1.6.0.jar, /home/s0/.m2/repository/org/primefaces/primefaces/8.0.RC1/primefaces-8.0.RC1.jar, /home/s0/.m2/repository/org/omnifaces/omnifaces/3.2/omnifaces-3.2.jar, /home/s0/.m2/repository/org/primefaces/themes/all-themes/1.0.10/all-themes-1.0.10.jar, /home/s0/.m2/repository/com/github/javafaker/javafaker/0.17.2/javafaker-0.17.2.jar, /home/s0/.m2/repository/org/apache/commons/commons-lang3/3.5/commons-lang3-3.5.jar, /home/s0/.m2/repository/org/yaml/snakeyaml/1.23/snakeyaml-1.23-android.jar, /home/s0/.m2/repository/com/github/mifmif/generex/1.0.2/generex-1.0.2.jar, /home/s0/.m2/repository/dk/brics/automaton/automaton/1.11-8/automaton-1.11-8.jar, /home/s0/.m2/repository/org/projectlombok/lombok/1.18.10/lombok-1.18.10.jar, /home/s0/.m2/repository/nl/talsmasoftware/umldoclet/2.0.7/umldoclet-2.0.7.jar, /home/s0/.m2/repository/org/slf4j/slf4j-api/1.7.21/slf4j-api-1.7.21.jar, /home/s0/.m2/repository/org/apache/shiro/shiro-core/1.5.1/shiro-core-1.5.1.jar, /home/s0/.m2/repository/org/apache/shiro/shiro-lang/1.5.1/shiro-lang-1.5.1.jar, /home/s0/.m2/repository/org/apache/shiro/shiro-cache/1.5.1/shiro-cache-1.5.1.jar, /home/s0/.m2/repository/org/apache/shiro/shiro-crypto-hash/1.5.1/shiro-crypto-hash-1.5.1.jar, /home/s0/.m2/repository/org/apache/shiro/shiro-crypto-core/1.5.1/shiro-crypto-core-1.5.1.jar, /home/s0/.m2/repository/org/apache/shiro/shiro-crypto-cipher/1.5.1/shiro-crypto-cipher-1.5.1.jar, /home/s0/.m2/repository/org/apache/shiro/shiro-config-core/1.5.1/shiro-config-core-1.5.1.jar, /home/s0/.m2/repository/org/apache/shiro/shiro-config-ogdl/1.5.1/shiro-config-ogdl-1.5.1.jar, /home/s0/.m2/repository/commons-beanutils/commons-beanutils/1.9.4/commons-beanutils-1.9.4.jar, /home/s0/.m2/repository/commons-collections/commons-collections/3.2.2/commons-collections-3.2.2.jar, /home/s0/.m2/repository/org/apache/shiro/shiro-event/1.5.1/shiro-event-1.5.1.jar, /home/s0/.m2/repository/org/apache/shiro/shiro-web/1.5.1/shiro-web-1.5.1.jar, /home/s0/.m2/repository/org/owasp/encoder/encoder/1.2.2/encoder-1.2.2.jar, /home/s0/.m2/repository/org/apache/shiro/shiro-faces/2.0/shiro-faces-2.0.jar, /home/s0/.m2/repository/javax/json/javax.json-api/1.1/javax.json-api-1.1.jar, /home/s0/.m2/repository/javax/json/bind/javax.json.bind-api/1.0.0-RC2/javax.json.bind-api-1.0.0-RC2.jar, /home/s0/.m2/repository/javax/mail/mail/1.5.0-b01/mail-1.5.0-b01.jar, /home/s0/.m2/repository/javax/activation/activation/1.1/activation-1.1.jar]
[DEBUG]   (f) compileSourceRoots = [/home/s0/Code/Uni/SWPNP/softwareprojekt-2/src/main/java]
[DEBUG]   (f) compilerId = javac
[DEBUG]   (f) debug = true
[DEBUG]   (f) encoding = UTF-8
[DEBUG]   (f) failOnError = true
[DEBUG]   (f) failOnWarning = false
[DEBUG]   (f) forceJavacCompilerUse = false
[DEBUG]   (f) fork = false
[DEBUG]   (f) generatedSourcesDirectory = /home/s0/Code/Uni/SWPNP/softwareprojekt-2/target/generated-sources/annotations
[DEBUG]   (f) mojoExecution = org.apache.maven.plugins:maven-compiler-plugin:3.8.1:compile {execution: default-compile}
[DEBUG]   (f) optimize = false
[DEBUG]   (f) outputDirectory = /home/s0/Code/Uni/SWPNP/softwareprojekt-2/target/classes
[DEBUG]   (f) parameters = false
[DEBUG]   (f) project = MavenProject: de.unibremen.sfb:SFB-Farbig:1.0-SNAPSHOT @ /home/s0/Code/Uni/SWPNP/softwareprojekt-2/pom.xml
[DEBUG]   (f) projectArtifact = de.unibremen.sfb:SFB-Farbig:war:1.0-SNAPSHOT
[DEBUG]   (f) session = org.apache.maven.execution.MavenSession@39ad12b6
[DEBUG]   (f) showDeprecation = false
[DEBUG]   (f) showWarnings = false
[DEBUG]   (f) skipMultiThreadWarning = false
[DEBUG]   (f) source = 11
[DEBUG]   (f) staleMillis = 0
[DEBUG]   (s) target = 11
[DEBUG]   (f) useIncrementalCompilation = true
[DEBUG]   (f) verbose = false
[DEBUG] -- end configuration --
[DEBUG] Using compiler 'javac'.
[DEBUG] Adding /home/s0/Code/Uni/SWPNP/softwareprojekt-2/target/generated-sources/annotations to compile source roots:
  /home/s0/Code/Uni/SWPNP/softwareprojekt-2/src/main/java
[DEBUG] New compile source roots:
  /home/s0/Code/Uni/SWPNP/softwareprojekt-2/src/main/java
  /home/s0/Code/Uni/SWPNP/softwareprojekt-2/target/generated-sources/annotations
[DEBUG] CompilerReuseStrategy: reuseCreated
[DEBUG] useIncrementalCompilation enabled
[INFO] Nothing to compile - all classes are up to date
[INFO] 
[INFO] --- maven-resources-plugin:2.6:testResources (default-testResources) @ SFB-Farbig ---
[DEBUG] Configuring mojo org.apache.maven.plugins:maven-resources-plugin:2.6:testResources from plugin realm ClassRealm[plugin>org.apache.maven.plugins:maven-resources-plugin:2.6, parent: jdk.internal.loader.ClassLoaders$AppClassLoader@b81eda8]
[DEBUG] Configuring mojo 'org.apache.maven.plugins:maven-resources-plugin:2.6:testResources' with basic configurator -->
[DEBUG]   (f) buildFilters = []
[DEBUG]   (f) encoding = UTF-8
[DEBUG]   (f) escapeWindowsPaths = true
[DEBUG]   (s) includeEmptyDirs = false
[DEBUG]   (s) outputDirectory = /home/s0/Code/Uni/SWPNP/softwareprojekt-2/target/test-classes
[DEBUG]   (s) overwrite = false
[DEBUG]   (f) project = MavenProject: de.unibremen.sfb:SFB-Farbig:1.0-SNAPSHOT @ /home/s0/Code/Uni/SWPNP/softwareprojekt-2/pom.xml
[DEBUG]   (s) resources = [Resource {targetPath: null, filtering: false, FileSet {directory: /home/s0/Code/Uni/SWPNP/softwareprojekt-2/src/test/resources, PatternSet [includes: {}, excludes: {}]}}]
[DEBUG]   (f) session = org.apache.maven.execution.MavenSession@39ad12b6
[DEBUG]   (f) supportMultiLineFiltering = false
[DEBUG]   (f) useBuildFilters = true
[DEBUG]   (s) useDefaultDelimiters = true
[DEBUG] -- end configuration --
[DEBUG] properties used {env.TERM=xterm-256color, java.specification.version=13, sun.arch.data.model=64, java.vendor.url=https://openjdk.java.net/, sun.boot.library.path=/usr/lib/jvm/java-13-openjdk/lib, sun.java.command=org.codehaus.plexus.classworlds.launcher.Launcher -X test, jdk.debug=release, maven.version=3.6.3, java.specification.vendor=Oracle Corporation, java.version.date=2020-01-14, java.home=/usr/lib/jvm/java-13-openjdk, java.vm.specification.vendor=Oracle Corporation, java.specification.name=Java Platform API Specification, sun.management.compiler=HotSpot 64-Bit Tiered Compilers, env.XDG_SESSION_PATH=/org/freedesktop/DisplayManager/Session2, java.runtime.version=13.0.2+8, env.PATH=/usr/local/bin:/usr/local/sbin:/home/s0/bin:/usr/bin:/bin:/usr/lib/jvm/default/bin:/usr/bin/site_perl:/usr/bin/vendor_perl:/usr/bin/core_perl, env.GREP_COLORS=mt=37;45, env.LESS_TERMCAP_ue=, env.LS_COLORS=rs=0:di=01;34:ln=01;36:mh=00:pi=40;33:so=01;35:do=01;35:bd=40;33;01:cd=40;33;01:or=40;31;01:mi=00:su=37;41:sg=30;43:ca=30;41:tw=30;42:ow=34;42:st=37;44:ex=01;32:*.tar=01;31:*.tgz=01;31:*.arc=01;31:*.arj=01;31:*.taz=01;31:*.lha=01;31:*.lz4=01;31:*.lzh=01;31:*.lzma=01;31:*.tlz=01;31:*.txz=01;31:*.tzo=01;31:*.t7z=01;31:*.zip=01;31:*.z=01;31:*.dz=01;31:*.gz=01;31:*.lrz=01;31:*.lz=01;31:*.lzo=01;31:*.xz=01;31:*.zst=01;31:*.tzst=01;31:*.bz2=01;31:*.bz=01;31:*.tbz=01;31:*.tbz2=01;31:*.tz=01;31:*.deb=01;31:*.rpm=01;31:*.jar=01;31:*.war=01;31:*.ear=01;31:*.sar=01;31:*.rar=01;31:*.alz=01;31:*.ace=01;31:*.zoo=01;31:*.cpio=01;31:*.7z=01;31:*.rz=01;31:*.cab=01;31:*.wim=01;31:*.swm=01;31:*.dwm=01;31:*.esd=01;31:*.jpg=01;35:*.jpeg=01;35:*.mjpg=01;35:*.mjpeg=01;35:*.gif=01;35:*.bmp=01;35:*.pbm=01;35:*.pgm=01;35:*.ppm=01;35:*.tga=01;35:*.xbm=01;35:*.xpm=01;35:*.tif=01;35:*.tiff=01;35:*.png=01;35:*.svg=01;35:*.svgz=01;35:*.mng=01;35:*.pcx=01;35:*.mov=01;35:*.mpg=01;35:*.mpeg=01;35:*.m2v=01;35:*.mkv=01;35:*.webm=01;35:*.ogm=01;35:*.mp4=01;35:*.m4v=01;35:*.mp4v=01;35:*.vob=01;35:*.qt=01;35:*.nuv=01;35:*.wmv=01;35:*.asf=01;35:*.rm=01;35:*.rmvb=01;35:*.flc=01;35:*.avi=01;35:*.fli=01;35:*.flv=01;35:*.gl=01;35:*.dl=01;35:*.xcf=01;35:*.xwd=01;35:*.yuv=01;35:*.cgm=01;35:*.emf=01;35:*.ogv=01;35:*.ogx=01;35:*.aac=00;36:*.au=00;36:*.flac=00;36:*.m4a=00;36:*.mid=00;36:*.midi=00;36:*.mka=00;36:*.mp3=00;36:*.mpc=00;36:*.ogg=00;36:*.ra=00;36:*.wav=00;36:*.oga=00;36:*.opus=00;36:*.spx=00;36:*.xspf=00;36:, env.XDG_SEAT=seat0, file.encoding=UTF-8, env.LESS_TERMCAP_us=, env.XDG_SESSION_DESKTOP=bspwm, env.SHLVL=1, java.io.tmpdir=/tmp, java.version=13.0.2, java.vm.specification.name=Java Virtual Machine Specification, java.library.path=/usr/java/packages/lib:/usr/lib64:/lib64:/lib:/usr/lib, java.vendor=N/A, classworlds.conf=/opt/maven/bin/m2.conf, sun.io.unicode.encoding=UnicodeLittle, env.XAUTHORITY=/home/s0/.Xauthority, env.LANG=de_DE.UTF-8, java.vm.specification.version=13, os.name=Linux, env.DISPLAY=:0, user.home=/home/s0, env.EDITOR=nano, env.DBUS_SESSION_BUS_ADDRESS=unix:path=/run/user/1000/bus, path.separator=:, os.version=5.5.4-arch1-1, env.MAIL=/var/spool/mail/s0, java.vm.name=OpenJDK 64-Bit Server VM, env.SHELL=/bin/zsh, env.JBOSS_HOST_CONFIG=host-master.xml, env.XDG_SEAT_PATH=/org/freedesktop/DisplayManager/Seat0, env.GTK_MODULES=canberra-gtk-module, os.arch=amd64, maven.multiModuleProjectDirectory=/home/s0/Code/Uni/SWPNP/softwareprojekt-2, env.XTERM_VERSION=XTerm(353), env.DESKTOP_SESSION=bspwm, env.MAVEN_PROJECTBASEDIR=/home/s0/Code/Uni/SWPNP/softwareprojekt-2, java.vm.info=mixed mode, env.USER=s0, java.class.version=57.0, env.JBOSS_MODE=standalone, env.JBOSS_DOMAIN_CONFIG=domain.xml, sun.jnu.encoding=UTF-8, env.VISUAL=nano, env.XDG_GREETER_DATA_DIR=/var/lib/lightdm-data/s0, maven.build.version=Apache Maven 3.6.3 (NON-CANONICAL_2019-11-27T20:26:29Z_root), env.JBOSS_CONFIG=standalone.xml, maven.home=/opt/maven, env.JAVA_HOME=/usr/lib/jvm/java-13-openjdk, env.GDMSESSION=bspwm, file.separator=/, env.LESS=-F -g -i -M -R -S -w -X -z-4, java.vm.compressedOopsMode=32-bit, line.separator=
, env.JBOSS_USER=wildfly, env.WINDOWID=44040226, env.XDG_CONFIG_HOME=/home/s0/.config, user.name=s0, env.LOGNAME=s0, env.LESS_TERMCAP_mb=, env.LESS_TERMCAP_md=, env.XTERM_LOCALE=de_DE.UTF-8, env.LESS_TERMCAP_me=, env.XDG_VTNR=7, env.XDG_RUNTIME_DIR=/run/user/1000, project.reporting.outputEncoding=UTF-8, env.XDG_SESSION_TYPE=x11, library.jansi.path=/opt/maven/lib/jansi-native, shiro.version=1.5.1, env.XDG_SESSION_CLASS=user, env.OLDPWD=/home/s0/Code/Uni/SWPNP/softwareprojekt-2, env.JBOSS_PIDFILE=/run/wildfly/wildfly.pid, env.MOZ_PLUGIN_PATH=/usr/lib/mozilla/plugins, env.PWD=/home/s0/Code/Uni/SWPNP/softwareprojekt-2, failOnMissingWebXml=false, env.PAGER=less, java.class.path=/opt/maven/boot/plexus-classworlds-2.6.0.jar, env.HOME=/home/s0, java.vm.vendor=Oracle Corporation, env.LESS_TERMCAP_se=, maven.conf=/opt/maven/conf, env.LESS_TERMCAP_so=, hypersistence-optimizer.version=2.0.1, env.GREP_COLOR=37;45, sun.java.launcher=SUN_STANDARD, user.country=DE, env.JBOSS_CONSOLE_LOG=/var/log/wildfly/console.log, sun.cpu.endian=little, user.language=de, env.JBOSS_HOME=/opt/wildfly, java.runtime.name=OpenJDK Runtime Environment, env.XTERM_SHELL=/bin/zsh, env.XDG_SESSION_ID=7, project.build.sourceEncoding=UTF-8, env.MAVEN_CMD_LINE_ARGS= -X test, java.vendor.url.bug=https://bugreport.java.com/bugreport/, user.dir=/home/s0/Code/Uni/SWPNP/softwareprojekt-2, java.vm.version=13.0.2+8}
[INFO] Using 'UTF-8' encoding to copy filtered resources.
[DEBUG] resource with targetPath null
directory /home/s0/Code/Uni/SWPNP/softwareprojekt-2/src/test/resources
excludes []
includes []
[INFO] skip non existing resourceDirectory /home/s0/Code/Uni/SWPNP/softwareprojekt-2/src/test/resources
[DEBUG] no use filter components
[INFO] 
[INFO] --- maven-compiler-plugin:3.8.1:testCompile (default-testCompile) @ SFB-Farbig ---
[DEBUG] Configuring mojo org.apache.maven.plugins:maven-compiler-plugin:3.8.1:testCompile from plugin realm ClassRealm[plugin>org.apache.maven.plugins:maven-compiler-plugin:3.8.1, parent: jdk.internal.loader.ClassLoaders$AppClassLoader@b81eda8]
[DEBUG] Configuring mojo 'org.apache.maven.plugins:maven-compiler-plugin:3.8.1:testCompile' with basic configurator -->
[DEBUG]   (f) basedir = /home/s0/Code/Uni/SWPNP/softwareprojekt-2
[DEBUG]   (f) buildDirectory = /home/s0/Code/Uni/SWPNP/softwareprojekt-2/target
[DEBUG]   (f) compilePath = [/home/s0/Code/Uni/SWPNP/softwareprojekt-2/target/classes, /home/s0/.m2/repository/javax/javaee-api/8.0/javaee-api-8.0.jar, /home/s0/.m2/repository/com/sun/mail/javax.mail/1.6.0/javax.mail-1.6.0.jar, /home/s0/.m2/repository/org/primefaces/primefaces/8.0.RC1/primefaces-8.0.RC1.jar, /home/s0/.m2/repository/org/omnifaces/omnifaces/3.2/omnifaces-3.2.jar, /home/s0/.m2/repository/org/primefaces/themes/all-themes/1.0.10/all-themes-1.0.10.jar, /home/s0/.m2/repository/com/github/javafaker/javafaker/0.17.2/javafaker-0.17.2.jar, /home/s0/.m2/repository/org/apache/commons/commons-lang3/3.5/commons-lang3-3.5.jar, /home/s0/.m2/repository/org/yaml/snakeyaml/1.23/snakeyaml-1.23-android.jar, /home/s0/.m2/repository/com/github/mifmif/generex/1.0.2/generex-1.0.2.jar, /home/s0/.m2/repository/dk/brics/automaton/automaton/1.11-8/automaton-1.11-8.jar, /home/s0/.m2/repository/org/projectlombok/lombok/1.18.10/lombok-1.18.10.jar, /home/s0/.m2/repository/nl/talsmasoftware/umldoclet/2.0.7/umldoclet-2.0.7.jar, /home/s0/.m2/repository/org/slf4j/slf4j-api/1.7.21/slf4j-api-1.7.21.jar, /home/s0/.m2/repository/org/apache/shiro/shiro-core/1.5.1/shiro-core-1.5.1.jar, /home/s0/.m2/repository/org/apache/shiro/shiro-lang/1.5.1/shiro-lang-1.5.1.jar, /home/s0/.m2/repository/org/apache/shiro/shiro-cache/1.5.1/shiro-cache-1.5.1.jar, /home/s0/.m2/repository/org/apache/shiro/shiro-crypto-hash/1.5.1/shiro-crypto-hash-1.5.1.jar, /home/s0/.m2/repository/org/apache/shiro/shiro-crypto-core/1.5.1/shiro-crypto-core-1.5.1.jar, /home/s0/.m2/repository/org/apache/shiro/shiro-crypto-cipher/1.5.1/shiro-crypto-cipher-1.5.1.jar, /home/s0/.m2/repository/org/apache/shiro/shiro-config-core/1.5.1/shiro-config-core-1.5.1.jar, /home/s0/.m2/repository/org/apache/shiro/shiro-config-ogdl/1.5.1/shiro-config-ogdl-1.5.1.jar, /home/s0/.m2/repository/commons-beanutils/commons-beanutils/1.9.4/commons-beanutils-1.9.4.jar, /home/s0/.m2/repository/commons-collections/commons-collections/3.2.2/commons-collections-3.2.2.jar, /home/s0/.m2/repository/org/apache/shiro/shiro-event/1.5.1/shiro-event-1.5.1.jar, /home/s0/.m2/repository/org/apache/shiro/shiro-web/1.5.1/shiro-web-1.5.1.jar, /home/s0/.m2/repository/org/owasp/encoder/encoder/1.2.2/encoder-1.2.2.jar, /home/s0/.m2/repository/org/apache/shiro/shiro-faces/2.0/shiro-faces-2.0.jar, /home/s0/.m2/repository/javax/json/javax.json-api/1.1/javax.json-api-1.1.jar, /home/s0/.m2/repository/javax/json/bind/javax.json.bind-api/1.0.0-RC2/javax.json.bind-api-1.0.0-RC2.jar, /home/s0/.m2/repository/javax/mail/mail/1.5.0-b01/mail-1.5.0-b01.jar, /home/s0/.m2/repository/javax/activation/activation/1.1/activation-1.1.jar]
[DEBUG]   (f) compileSourceRoots = [/home/s0/Code/Uni/SWPNP/softwareprojekt-2/src/test/java]
[DEBUG]   (f) compilerId = javac
[DEBUG]   (f) debug = true
[DEBUG]   (f) encoding = UTF-8
[DEBUG]   (f) failOnError = true
[DEBUG]   (f) failOnWarning = false
[DEBUG]   (f) forceJavacCompilerUse = false
[DEBUG]   (f) fork = false
[DEBUG]   (f) generatedTestSourcesDirectory = /home/s0/Code/Uni/SWPNP/softwareprojekt-2/target/generated-test-sources/test-annotations
[DEBUG]   (f) mojoExecution = org.apache.maven.plugins:maven-compiler-plugin:3.8.1:testCompile {execution: default-testCompile}
[DEBUG]   (f) optimize = false
[DEBUG]   (f) outputDirectory = /home/s0/Code/Uni/SWPNP/softwareprojekt-2/target/test-classes
[DEBUG]   (f) parameters = false
[DEBUG]   (f) project = MavenProject: de.unibremen.sfb:SFB-Farbig:1.0-SNAPSHOT @ /home/s0/Code/Uni/SWPNP/softwareprojekt-2/pom.xml
[DEBUG]   (f) session = org.apache.maven.execution.MavenSession@39ad12b6
[DEBUG]   (f) showDeprecation = false
[DEBUG]   (f) showWarnings = false
[DEBUG]   (f) skipMultiThreadWarning = false
[DEBUG]   (f) source = 11
[DEBUG]   (f) staleMillis = 0
[DEBUG]   (s) target = 11
[DEBUG]   (f) testPath = [/home/s0/Code/Uni/SWPNP/softwareprojekt-2/target/test-classes, /home/s0/Code/Uni/SWPNP/softwareprojekt-2/target/classes, /home/s0/.m2/repository/javax/javaee-api/8.0/javaee-api-8.0.jar, /home/s0/.m2/repository/com/sun/mail/javax.mail/1.6.0/javax.mail-1.6.0.jar, /home/s0/.m2/repository/org/primefaces/primefaces/8.0.RC1/primefaces-8.0.RC1.jar, /home/s0/.m2/repository/org/omnifaces/omnifaces/3.2/omnifaces-3.2.jar, /home/s0/.m2/repository/org/primefaces/themes/all-themes/1.0.10/all-themes-1.0.10.jar, /home/s0/.m2/repository/com/github/javafaker/javafaker/0.17.2/javafaker-0.17.2.jar, /home/s0/.m2/repository/org/apache/commons/commons-lang3/3.5/commons-lang3-3.5.jar, /home/s0/.m2/repository/org/yaml/snakeyaml/1.23/snakeyaml-1.23-android.jar, /home/s0/.m2/repository/com/github/mifmif/generex/1.0.2/generex-1.0.2.jar, /home/s0/.m2/repository/dk/brics/automaton/automaton/1.11-8/automaton-1.11-8.jar, /home/s0/.m2/repository/org/projectlombok/lombok/1.18.10/lombok-1.18.10.jar, /home/s0/.m2/repository/nl/talsmasoftware/umldoclet/2.0.7/umldoclet-2.0.7.jar, /home/s0/.m2/repository/org/slf4j/slf4j-api/1.7.21/slf4j-api-1.7.21.jar, /home/s0/.m2/repository/org/slf4j/jcl-over-slf4j/1.7.21/jcl-over-slf4j-1.7.21.jar, /home/s0/.m2/repository/ch/qos/logback/logback-classic/1.2.3/logback-classic-1.2.3.jar, /home/s0/.m2/repository/ch/qos/logback/logback-core/1.2.3/logback-core-1.2.3.jar, /home/s0/.m2/repository/org/apache/shiro/shiro-core/1.5.1/shiro-core-1.5.1.jar, /home/s0/.m2/repository/org/apache/shiro/shiro-lang/1.5.1/shiro-lang-1.5.1.jar, /home/s0/.m2/repository/org/apache/shiro/shiro-cache/1.5.1/shiro-cache-1.5.1.jar, /home/s0/.m2/repository/org/apache/shiro/shiro-crypto-hash/1.5.1/shiro-crypto-hash-1.5.1.jar, /home/s0/.m2/repository/org/apache/shiro/shiro-crypto-core/1.5.1/shiro-crypto-core-1.5.1.jar, /home/s0/.m2/repository/org/apache/shiro/shiro-crypto-cipher/1.5.1/shiro-crypto-cipher-1.5.1.jar, /home/s0/.m2/repository/org/apache/shiro/shiro-config-core/1.5.1/shiro-config-core-1.5.1.jar, /home/s0/.m2/repository/org/apache/shiro/shiro-config-ogdl/1.5.1/shiro-config-ogdl-1.5.1.jar, /home/s0/.m2/repository/commons-beanutils/commons-beanutils/1.9.4/commons-beanutils-1.9.4.jar, /home/s0/.m2/repository/commons-collections/commons-collections/3.2.2/commons-collections-3.2.2.jar, /home/s0/.m2/repository/org/apache/shiro/shiro-event/1.5.1/shiro-event-1.5.1.jar, /home/s0/.m2/repository/org/apache/shiro/shiro-web/1.5.1/shiro-web-1.5.1.jar, /home/s0/.m2/repository/org/owasp/encoder/encoder/1.2.2/encoder-1.2.2.jar, /home/s0/.m2/repository/org/apache/shiro/shiro-faces/2.0/shiro-faces-2.0.jar, /home/s0/.m2/repository/javax/json/javax.json-api/1.1/javax.json-api-1.1.jar, /home/s0/.m2/repository/org/glassfish/javax.json/1.1/javax.json-1.1.jar, /home/s0/.m2/repository/javax/json/bind/javax.json.bind-api/1.0.0-RC2/javax.json.bind-api-1.0.0-RC2.jar, /home/s0/.m2/repository/org/eclipse/yasson/1.0.0-RC1/yasson-1.0.0-RC1.jar, /home/s0/.m2/repository/javax/enterprise/cdi-api/1.2/cdi-api-1.2.jar, /home/s0/.m2/repository/javax/el/javax.el-api/3.0.0/javax.el-api-3.0.0.jar, /home/s0/.m2/repository/javax/interceptor/javax.interceptor-api/1.2/javax.interceptor-api-1.2.jar, /home/s0/.m2/repository/javax/inject/javax.inject/1/javax.inject-1.jar, /home/s0/.m2/repository/javax/mail/mail/1.5.0-b01/mail-1.5.0-b01.jar, /home/s0/.m2/repository/javax/activation/activation/1.1/activation-1.1.jar, /home/s0/.m2/repository/org/junit/jupiter/junit-jupiter-engine/5.3.1/junit-jupiter-engine-5.3.1.jar, /home/s0/.m2/repository/org/apiguardian/apiguardian-api/1.0.0/apiguardian-api-1.0.0.jar, /home/s0/.m2/repository/org/junit/platform/junit-platform-engine/1.3.1/junit-platform-engine-1.3.1.jar, /home/s0/.m2/repository/org/junit/platform/junit-platform-commons/1.3.1/junit-platform-commons-1.3.1.jar, /home/s0/.m2/repository/org/opentest4j/opentest4j/1.1.1/opentest4j-1.1.1.jar, /home/s0/.m2/repository/org/junit/jupiter/junit-jupiter-api/5.3.1/junit-jupiter-api-5.3.1.jar, /home/s0/.m2/repository/org/mockito/mockito-core/2.21.0/mockito-core-2.21.0.jar, /home/s0/.m2/repository/net/bytebuddy/byte-buddy/1.8.15/byte-buddy-1.8.15.jar, /home/s0/.m2/repository/net/bytebuddy/byte-buddy-agent/1.8.15/byte-buddy-agent-1.8.15.jar, /home/s0/.m2/repository/org/objenesis/objenesis/2.6/objenesis-2.6.jar, /home/s0/.m2/repository/org/mockito/mockito-junit-jupiter/2.23.0/mockito-junit-jupiter-2.23.0.jar, /home/s0/.m2/repository/org/jboss/weld/weld-junit5/2.0.1.Final/weld-junit5-2.0.1.Final.jar, /home/s0/.m2/repository/org/jboss/weld/se/weld-se-core/3.1.2.Final/weld-se-core-3.1.2.Final.jar, /home/s0/.m2/repository/org/jboss/weld/environment/weld-environment-common/3.1.2.Final/weld-environment-common-3.1.2.Final.jar, /home/s0/.m2/repository/org/jboss/weld/weld-core-impl/3.1.2.Final/weld-core-impl-3.1.2.Final.jar, /home/s0/.m2/repository/org/jboss/weld/weld-api/3.1.SP1/weld-api-3.1.SP1.jar, /home/s0/.m2/repository/org/jboss/weld/weld-spi/3.1.SP1/weld-spi-3.1.SP1.jar, /home/s0/.m2/repository/org/jboss/spec/javax/annotation/jboss-annotations-api_1.3_spec/1.0.0.Final/jboss-annotations-api_1.3_spec-1.0.0.Final.jar, /home/s0/.m2/repository/org/jboss/spec/javax/el/jboss-el-api_3.0_spec/1.0.13.Final/jboss-el-api_3.0_spec-1.0.13.Final.jar, /home/s0/.m2/repository/org/jboss/spec/javax/interceptor/jboss-interceptors-api_1.2_spec/1.0.0.Final/jboss-interceptors-api_1.2_spec-1.0.0.Final.jar, /home/s0/.m2/repository/org/jboss/logging/jboss-logging/3.2.1.Final/jboss-logging-3.2.1.Final.jar, /home/s0/.m2/repository/org/jboss/weld/probe/weld-probe-core/3.1.2.Final/weld-probe-core-3.1.2.Final.jar, /home/s0/.m2/repository/org/jboss/classfilewriter/jboss-classfilewriter/1.2.4.Final/jboss-classfilewriter-1.2.4.Final.jar, /home/s0/.m2/repository/org/jboss/weld/weld-junit-common/2.0.1.Final/weld-junit-common-2.0.1.Final.jar, /home/s0/.m2/repository/org/hibernate/javax/persistence/hibernate-jpa-2.1-api/1.0.0.Final/hibernate-jpa-2.1-api-1.0.0.Final.jar]
[DEBUG]   (f) useIncrementalCompilation = true
[DEBUG]   (f) verbose = false
[DEBUG] -- end configuration --
[DEBUG] Using compiler 'javac'.
[INFO] No sources to compile
[INFO] 
[INFO] --- maven-surefire-plugin:3.0.0-M4:test (default-test) @ SFB-Farbig ---
[DEBUG] Dependency collection stats: {ConflictMarker.analyzeTime=102070, ConflictMarker.markTime=21708, ConflictMarker.nodeCount=23, ConflictIdSorter.graphTime=53593, ConflictIdSorter.topsortTime=13806, ConflictIdSorter.conflictIdCount=19, ConflictIdSorter.conflictIdCycleCount=0, ConflictResolver.totalTime=342088, ConflictResolver.conflictItemCount=22, DefaultDependencyCollector.collectTime=27769733, DefaultDependencyCollector.transformTime=585054}
[DEBUG] org.apache.maven.plugins:maven-surefire-plugin:jar:3.0.0-M4
[DEBUG]    org.apache.maven.surefire:maven-surefire-common:jar:3.0.0-M4:compile
[DEBUG]       org.apache.maven.surefire:surefire-api:jar:3.0.0-M4:compile
[DEBUG]          org.apache.maven.surefire:surefire-logger-api:jar:3.0.0-M4:compile
[DEBUG]       org.apache.maven.surefire:surefire-extensions-api:jar:3.0.0-M4:compile
[DEBUG]       org.apache.maven.surefire:surefire-booter:jar:3.0.0-M4:compile
[DEBUG]       org.apache.maven:maven-toolchain:jar:3.0-alpha-2:compile (version managed from default) (exclusions managed from default)
[DEBUG]       org.apache.maven.shared:maven-artifact-transfer:jar:0.11.0:compile (version managed from default) (exclusions managed from default)
[DEBUG]          org.apache.maven.shared:maven-common-artifact-filters:jar:3.1.0:compile (version managed from default) (exclusions managed from default)
[DEBUG]             org.apache.maven:maven-model:jar:3.0:compile (version managed from default)
[DEBUG]             org.apache.maven:maven-plugin-api:jar:3.0:compile (version managed from default)
[DEBUG]             org.sonatype.sisu:sisu-inject-plexus:jar:1.4.2:compile
[DEBUG]                org.codehaus.plexus:plexus-classworlds:jar:2.2.3:compile
[DEBUG]                org.sonatype.sisu:sisu-inject-bean:jar:1.4.2:compile
[DEBUG]                   org.sonatype.sisu:sisu-guice:jar:noaop:2.1.7:compile
[DEBUG]          commons-codec:commons-codec:jar:1.11:compile (version managed from default)
[DEBUG]       org.codehaus.plexus:plexus-java:jar:1.0.3:compile (version managed from default)
[DEBUG]          org.ow2.asm:asm:jar:7.0:compile
[DEBUG]          com.thoughtworks.qdox:qdox:jar:2.0-M9:compile
[DEBUG]    org.codehaus.plexus:plexus-utils:jar:1.1:runtime
[DEBUG] Created new class realm plugin>org.apache.maven.plugins:maven-surefire-plugin:3.0.0-M4
[DEBUG] Importing foreign packages into class realm plugin>org.apache.maven.plugins:maven-surefire-plugin:3.0.0-M4
[DEBUG]   Imported:  < maven.api
[DEBUG] Populating class realm plugin>org.apache.maven.plugins:maven-surefire-plugin:3.0.0-M4
[DEBUG]   Included: org.apache.maven.plugins:maven-surefire-plugin:jar:3.0.0-M4
[DEBUG]   Included: org.apache.maven.surefire:maven-surefire-common:jar:3.0.0-M4
[DEBUG]   Included: org.apache.maven.surefire:surefire-api:jar:3.0.0-M4
[DEBUG]   Included: org.apache.maven.surefire:surefire-logger-api:jar:3.0.0-M4
[DEBUG]   Included: org.apache.maven.surefire:surefire-extensions-api:jar:3.0.0-M4
[DEBUG]   Included: org.apache.maven.surefire:surefire-booter:jar:3.0.0-M4
[DEBUG]   Included: org.apache.maven.shared:maven-artifact-transfer:jar:0.11.0
[DEBUG]   Included: org.apache.maven.shared:maven-common-artifact-filters:jar:3.1.0
[DEBUG]   Included: org.sonatype.sisu:sisu-inject-bean:jar:1.4.2
[DEBUG]   Included: org.sonatype.sisu:sisu-guice:jar:noaop:2.1.7
[DEBUG]   Included: commons-codec:commons-codec:jar:1.11
[DEBUG]   Included: org.codehaus.plexus:plexus-java:jar:1.0.3
[DEBUG]   Included: org.ow2.asm:asm:jar:7.0
[DEBUG]   Included: com.thoughtworks.qdox:qdox:jar:2.0-M9
[DEBUG]   Included: org.codehaus.plexus:plexus-utils:jar:1.1
[DEBUG] Configuring mojo org.apache.maven.plugins:maven-surefire-plugin:3.0.0-M4:test from plugin realm ClassRealm[plugin>org.apache.maven.plugins:maven-surefire-plugin:3.0.0-M4, parent: jdk.internal.loader.ClassLoaders$AppClassLoader@b81eda8]
[DEBUG] Configuring mojo 'org.apache.maven.plugins:maven-surefire-plugin:3.0.0-M4:test' with basic configurator -->
[DEBUG]   (s) additionalClasspathElements = []
[DEBUG]   (s) basedir = /home/s0/Code/Uni/SWPNP/softwareprojekt-2
[DEBUG]   (s) childDelegation = false
[DEBUG]   (s) classesDirectory = /home/s0/Code/Uni/SWPNP/softwareprojekt-2/target/classes
[DEBUG]   (s) classpathDependencyExcludes = []
[DEBUG]   (s) dependenciesToScan = []
[DEBUG]   (s) disableXmlReport = false
[DEBUG]   (s) enableAssertions = true
[DEBUG]   (s) encoding = UTF-8
[DEBUG]   (f) excludedEnvironmentVariables = []
[DEBUG]   (f) forkCount = 1
[DEBUG]   (s) forkMode = once
[DEBUG]   (s) forkedProcessExitTimeoutInSeconds = 30
[DEBUG]   (s) junitArtifactName = junit:junit
[DEBUG]   (s) localRepository =       id: local
      url: file:///home/s0/.m2/repository/
   layout: default
snapshots: [enabled => true, update => always]
 releases: [enabled => true, update => always]

[DEBUG]   (f) parallelMavenExecution = false
[DEBUG]   (s) parallelOptimized = true
[DEBUG]   (s) perCoreThreadCount = true
[DEBUG]   (s) pluginArtifactMap = {org.apache.maven.plugins:maven-surefire-plugin=org.apache.maven.plugins:maven-surefire-plugin:maven-plugin:3.0.0-M4:, org.apache.maven.surefire:maven-surefire-common=org.apache.maven.surefire:maven-surefire-common:jar:3.0.0-M4:compile, org.apache.maven.surefire:surefire-api=org.apache.maven.surefire:surefire-api:jar:3.0.0-M4:compile, org.apache.maven.surefire:surefire-logger-api=org.apache.maven.surefire:surefire-logger-api:jar:3.0.0-M4:compile, org.apache.maven.surefire:surefire-extensions-api=org.apache.maven.surefire:surefire-extensions-api:jar:3.0.0-M4:compile, org.apache.maven.surefire:surefire-booter=org.apache.maven.surefire:surefire-booter:jar:3.0.0-M4:compile, org.apache.maven:maven-toolchain=org.apache.maven:maven-toolchain:jar:3.0-alpha-2:compile, org.apache.maven.shared:maven-artifact-transfer=org.apache.maven.shared:maven-artifact-transfer:jar:0.11.0:compile, org.apache.maven.shared:maven-common-artifact-filters=org.apache.maven.shared:maven-common-artifact-filters:jar:3.1.0:compile, org.apache.maven:maven-model=org.apache.maven:maven-model:jar:3.0:compile, org.apache.maven:maven-plugin-api=org.apache.maven:maven-plugin-api:jar:3.0:compile, org.sonatype.sisu:sisu-inject-plexus=org.sonatype.sisu:sisu-inject-plexus:jar:1.4.2:compile, org.codehaus.plexus:plexus-classworlds=org.codehaus.plexus:plexus-classworlds:jar:2.2.3:compile, org.sonatype.sisu:sisu-inject-bean=org.sonatype.sisu:sisu-inject-bean:jar:1.4.2:compile, org.sonatype.sisu:sisu-guice=org.sonatype.sisu:sisu-guice:jar:noaop:2.1.7:compile, commons-codec:commons-codec=commons-codec:commons-codec:jar:1.11:compile, org.codehaus.plexus:plexus-java=org.codehaus.plexus:plexus-java:jar:1.0.3:compile, org.ow2.asm:asm=org.ow2.asm:asm:jar:7.0:compile, com.thoughtworks.qdox:qdox=com.thoughtworks.qdox:qdox:jar:2.0-M9:compile, org.codehaus.plexus:plexus-utils=org.codehaus.plexus:plexus-utils:jar:1.1:runtime}
[DEBUG]   (f) pluginDescriptor = Component Descriptor: role: 'org.apache.maven.plugin.Mojo', implementation: 'org.apache.maven.plugin.surefire.HelpMojo', role hint: 'org.apache.maven.plugins:maven-surefire-plugin:3.0.0-M4:help'
role: 'org.apache.maven.plugin.Mojo', implementation: 'org.apache.maven.plugin.surefire.SurefirePlugin', role hint: 'org.apache.maven.plugins:maven-surefire-plugin:3.0.0-M4:test'
---
[DEBUG]   (s) printSummary = true
[DEBUG]   (s) project = MavenProject: de.unibremen.sfb:SFB-Farbig:1.0-SNAPSHOT @ /home/s0/Code/Uni/SWPNP/softwareprojekt-2/pom.xml
[DEBUG]   (s) projectArtifactMap = {javax:javaee-api=javax:javaee-api:jar:8.0:provided, com.sun.mail:javax.mail=com.sun.mail:javax.mail:jar:1.6.0:provided, org.primefaces:primefaces=org.primefaces:primefaces:jar:8.0.RC1:compile, org.omnifaces:omnifaces=org.omnifaces:omnifaces:jar:3.2:compile, org.primefaces.themes:all-themes=org.primefaces.themes:all-themes:jar:1.0.10:compile, com.github.javafaker:javafaker=com.github.javafaker:javafaker:jar:0.17.2:compile, org.apache.commons:commons-lang3=org.apache.commons:commons-lang3:jar:3.5:compile, org.yaml:snakeyaml=org.yaml:snakeyaml:jar:android:1.23:compile, com.github.mifmif:generex=com.github.mifmif:generex:jar:1.0.2:compile, dk.brics.automaton:automaton=dk.brics.automaton:automaton:jar:1.11-8:compile, org.projectlombok:lombok=org.projectlombok:lombok:jar:1.18.10:provided, nl.talsmasoftware:umldoclet=nl.talsmasoftware:umldoclet:jar:2.0.7:provided, org.slf4j:slf4j-api=org.slf4j:slf4j-api:jar:1.7.21:compile, org.slf4j:jcl-over-slf4j=org.slf4j:jcl-over-slf4j:jar:1.7.21:runtime, ch.qos.logback:logback-classic=ch.qos.logback:logback-classic:jar:1.2.3:runtime, ch.qos.logback:logback-core=ch.qos.logback:logback-core:jar:1.2.3:runtime, org.apache.shiro:shiro-core=org.apache.shiro:shiro-core:jar:1.5.1:compile, org.apache.shiro:shiro-lang=org.apache.shiro:shiro-lang:jar:1.5.1:compile, org.apache.shiro:shiro-cache=org.apache.shiro:shiro-cache:jar:1.5.1:compile, org.apache.shiro:shiro-crypto-hash=org.apache.shiro:shiro-crypto-hash:jar:1.5.1:compile, org.apache.shiro:shiro-crypto-core=org.apache.shiro:shiro-crypto-core:jar:1.5.1:compile, org.apache.shiro:shiro-crypto-cipher=org.apache.shiro:shiro-crypto-cipher:jar:1.5.1:compile, org.apache.shiro:shiro-config-core=org.apache.shiro:shiro-config-core:jar:1.5.1:compile, org.apache.shiro:shiro-config-ogdl=org.apache.shiro:shiro-config-ogdl:jar:1.5.1:compile, commons-beanutils:commons-beanutils=commons-beanutils:commons-beanutils:jar:1.9.4:compile, commons-collections:commons-collections=commons-collections:commons-collections:jar:3.2.2:compile, org.apache.shiro:shiro-event=org.apache.shiro:shiro-event:jar:1.5.1:compile, org.apache.shiro:shiro-web=org.apache.shiro:shiro-web:jar:1.5.1:compile, org.owasp.encoder:encoder=org.owasp.encoder:encoder:jar:1.2.2:compile, org.apache.shiro:shiro-faces=org.apache.shiro:shiro-faces:jar:2.0:compile, javax.json:javax.json-api=javax.json:javax.json-api:jar:1.1:compile, org.glassfish:javax.json=org.glassfish:javax.json:jar:1.1:runtime, javax.json.bind:javax.json.bind-api=javax.json.bind:javax.json.bind-api:jar:1.0.0-RC2:compile, org.eclipse:yasson=org.eclipse:yasson:jar:1.0.0-RC1:runtime, javax.enterprise:cdi-api=javax.enterprise:cdi-api:jar:1.2:runtime, javax.el:javax.el-api=javax.el:javax.el-api:jar:3.0.0:runtime, javax.interceptor:javax.interceptor-api=javax.interceptor:javax.interceptor-api:jar:1.2:runtime, javax.inject:javax.inject=javax.inject:javax.inject:jar:1:runtime, javax.mail:mail=javax.mail:mail:jar:1.5.0-b01:compile, javax.activation:activation=javax.activation:activation:jar:1.1:compile, org.junit.jupiter:junit-jupiter-engine=org.junit.jupiter:junit-jupiter-engine:jar:5.3.1:test, org.apiguardian:apiguardian-api=org.apiguardian:apiguardian-api:jar:1.0.0:test, org.junit.platform:junit-platform-engine=org.junit.platform:junit-platform-engine:jar:1.3.1:test, org.junit.platform:junit-platform-commons=org.junit.platform:junit-platform-commons:jar:1.3.1:test, org.opentest4j:opentest4j=org.opentest4j:opentest4j:jar:1.1.1:test, org.junit.jupiter:junit-jupiter-api=org.junit.jupiter:junit-jupiter-api:jar:5.3.1:test, org.mockito:mockito-core=org.mockito:mockito-core:jar:2.21.0:test, net.bytebuddy:byte-buddy=net.bytebuddy:byte-buddy:jar:1.8.15:test, net.bytebuddy:byte-buddy-agent=net.bytebuddy:byte-buddy-agent:jar:1.8.15:test, org.objenesis:objenesis=org.objenesis:objenesis:jar:2.6:test, org.mockito:mockito-junit-jupiter=org.mockito:mockito-junit-jupiter:jar:2.23.0:test, org.jboss.weld:weld-junit5=org.jboss.weld:weld-junit5:jar:2.0.1.Final:test, org.jboss.weld.se:weld-se-core=org.jboss.weld.se:weld-se-core:jar:3.1.2.Final:test, org.jboss.weld.environment:weld-environment-common=org.jboss.weld.environment:weld-environment-common:jar:3.1.2.Final:test, org.jboss.weld:weld-core-impl=org.jboss.weld:weld-core-impl:jar:3.1.2.Final:test, org.jboss.weld:weld-api=org.jboss.weld:weld-api:jar:3.1.SP1:test, org.jboss.weld:weld-spi=org.jboss.weld:weld-spi:jar:3.1.SP1:test, org.jboss.spec.javax.annotation:jboss-annotations-api_1.3_spec=org.jboss.spec.javax.annotation:jboss-annotations-api_1.3_spec:jar:1.0.0.Final:test, org.jboss.spec.javax.el:jboss-el-api_3.0_spec=org.jboss.spec.javax.el:jboss-el-api_3.0_spec:jar:1.0.13.Final:test, org.jboss.spec.javax.interceptor:jboss-interceptors-api_1.2_spec=org.jboss.spec.javax.interceptor:jboss-interceptors-api_1.2_spec:jar:1.0.0.Final:test, org.jboss.logging:jboss-logging=org.jboss.logging:jboss-logging:jar:3.2.1.Final:test, org.jboss.weld.probe:weld-probe-core=org.jboss.weld.probe:weld-probe-core:jar:3.1.2.Final:test, org.jboss.classfilewriter:jboss-classfilewriter=org.jboss.classfilewriter:jboss-classfilewriter:jar:1.2.4.Final:test, org.jboss.weld:weld-junit-common=org.jboss.weld:weld-junit-common:jar:2.0.1.Final:test, org.hibernate.javax.persistence:hibernate-jpa-2.1-api=org.hibernate.javax.persistence:hibernate-jpa-2.1-api:jar:1.0.0.Final:test}
[DEBUG]   (s) projectBuildDirectory = /home/s0/Code/Uni/SWPNP/softwareprojekt-2/target
[DEBUG]   (s) projectRemoteRepositories = [      id: mvnrepository
      url: http://www.mvnrepository.com
   layout: default
snapshots: [enabled => true, update => daily]
 releases: [enabled => true, update => daily]
,       id: prime-repo
      url: http://repository.primefaces.org
   layout: default
snapshots: [enabled => true, update => daily]
 releases: [enabled => true, update => daily]
,       id: bintray-deluan-maven
      url: http://dl.bintray.com/deluan/maven
   layout: default
snapshots: [enabled => false, update => daily]
 releases: [enabled => true, update => daily]
,       id: central
      url: https://repo.maven.apache.org/maven2
   layout: default
snapshots: [enabled => false, update => daily]
 releases: [enabled => true, update => daily]
]
[DEBUG]   (s) redirectTestOutputToFile = false
[DEBUG]   (s) remoteRepositories = [      id: central
      url: https://repo.maven.apache.org/maven2
   layout: default
snapshots: [enabled => false, update => daily]
 releases: [enabled => true, update => never]
]
[DEBUG]   (s) reportFormat = brief
[DEBUG]   (s) reportsDirectory = /home/s0/Code/Uni/SWPNP/softwareprojekt-2/target/surefire-reports
[DEBUG]   (f) rerunFailingTestsCount = 0
[DEBUG]   (f) reuseForks = true
[DEBUG]   (s) runOrder = filesystem
[DEBUG]   (s) session = org.apache.maven.execution.MavenSession@39ad12b6
[DEBUG]   (f) shutdown = exit
[DEBUG]   (s) skip = false
[DEBUG]   (f) skipAfterFailureCount = 0
[DEBUG]   (s) skipTests = false
[DEBUG]   (s) suiteXmlFiles = []
[DEBUG]   (s) tempDir = surefire
[DEBUG]   (s) testClassesDirectory = /home/s0/Code/Uni/SWPNP/softwareprojekt-2/target/test-classes
[DEBUG]   (s) testFailureIgnore = false
[DEBUG]   (s) testNGArtifactName = org.testng:testng
[DEBUG]   (s) testSourceDirectory = /home/s0/Code/Uni/SWPNP/softwareprojekt-2/src/test/java
[DEBUG]   (s) threadCountClasses = 0
[DEBUG]   (s) threadCountMethods = 0
[DEBUG]   (s) threadCountSuites = 0
[DEBUG]   (s) trimStackTrace = true
[DEBUG]   (s) useFile = true
[DEBUG]   (s) useManifestOnlyJar = true
[DEBUG]   (f) useModulePath = true
[DEBUG]   (s) useSystemClassLoader = false
[DEBUG]   (s) useUnlimitedThreads = false
[DEBUG]   (s) workingDirectory = /home/s0/Code/Uni/SWPNP/softwareprojekt-2
[DEBUG] -- end configuration --
[DEBUG] Surefire report directory: /home/s0/Code/Uni/SWPNP/softwareprojekt-2/target/surefire-reports
[DEBUG] Setting system property [basedir]=[/home/s0/Code/Uni/SWPNP/softwareprojekt-2]
[DEBUG] Setting system property [user.dir]=[/home/s0/Code/Uni/SWPNP/softwareprojekt-2]
[DEBUG] Setting system property [localRepository]=[/home/s0/.m2/repository]
[DEBUG] Using JVM: /usr/lib/jvm/java-13-openjdk/bin/java with Java version 13
[DEBUG] Adding to surefire booter test classpath: /home/s0/.m2/repository/org/apache/maven/surefire/surefire-booter/3.0.0-M4/surefire-booter-3.0.0-M4.jar Scope: compile
[DEBUG] Adding to surefire booter test classpath: /home/s0/.m2/repository/org/apache/maven/surefire/surefire-api/3.0.0-M4/surefire-api-3.0.0-M4.jar Scope: compile
[DEBUG] Adding to surefire booter test classpath: /home/s0/.m2/repository/org/apache/maven/surefire/surefire-logger-api/3.0.0-M4/surefire-logger-api-3.0.0-M4.jar Scope: compile
[DEBUG] Adding to surefire test classpath: /home/s0/.m2/repository/org/apache/maven/surefire/surefire-junit-platform/3.0.0-M4/surefire-junit-platform-3.0.0-M4.jar Scope: null
[DEBUG] Adding to surefire test classpath: /home/s0/.m2/repository/org/apache/maven/surefire/common-java5/3.0.0-M4/common-java5-3.0.0-M4.jar Scope: compile
[DEBUG] Adding to surefire test classpath: /home/s0/.m2/repository/org/apache/maven/surefire/surefire-api/3.0.0-M4/surefire-api-3.0.0-M4.jar Scope: compile
[DEBUG] Adding to surefire test classpath: /home/s0/.m2/repository/org/apache/maven/surefire/surefire-logger-api/3.0.0-M4/surefire-logger-api-3.0.0-M4.jar Scope: compile
[DEBUG] Adding to surefire test classpath: /home/s0/.m2/repository/org/junit/platform/junit-platform-launcher/1.3.2/junit-platform-launcher-1.3.2.jar Scope: compile
[DEBUG] Adding to surefire test classpath: /home/s0/.m2/repository/org/apiguardian/apiguardian-api/1.0.0/apiguardian-api-1.0.0.jar Scope: compile
[DEBUG] Adding to surefire test classpath: /home/s0/.m2/repository/org/junit/platform/junit-platform-engine/1.3.2/junit-platform-engine-1.3.2.jar Scope: compile
[DEBUG] Adding to surefire test classpath: /home/s0/.m2/repository/org/junit/platform/junit-platform-commons/1.3.2/junit-platform-commons-1.3.2.jar Scope: compile
[DEBUG] Adding to surefire test classpath: /home/s0/.m2/repository/org/opentest4j/opentest4j/1.1.1/opentest4j-1.1.1.jar Scope: compile
[DEBUG] Test dependencies contain org.junit.platform:junit-platform-engine
[DEBUG] Resolving artifact org.junit.platform:junit-platform-engine:1.3.1
[DEBUG] Resolved artifact org.junit.platform:junit-platform-engine:1.3.1 to [org.junit.platform:junit-platform-engine:jar:1.3.1, org.apiguardian:apiguardian-api:jar:1.0.0:compile, org.junit.platform:junit-platform-commons:jar:1.3.1:compile, org.opentest4j:opentest4j:jar:1.1.1:compile]
[DEBUG] Removed artifact org.junit.platform:junit-platform-engine:jar:1.3.1 from provider. Already appears in test classpath.
[DEBUG] Removed artifact org.apiguardian:apiguardian-api:jar:1.0.0:compile from provider. Already appears in test classpath.
[DEBUG] Removed artifact org.junit.platform:junit-platform-commons:jar:1.3.1:compile from provider. Already appears in test classpath.
[DEBUG] Removed artifact org.opentest4j:opentest4j:jar:1.1.1:compile from provider. Already appears in test classpath.
[DEBUG] Resolving artifact org.junit.platform:junit-platform-launcher:1.3.1
[DEBUG] Resolved artifact org.junit.platform:junit-platform-launcher:1.3.1 to [org.junit.platform:junit-platform-launcher:jar:1.3.1, org.apiguardian:apiguardian-api:jar:1.0.0:compile, org.junit.platform:junit-platform-engine:jar:1.3.1:compile, org.junit.platform:junit-platform-commons:jar:1.3.1:compile, org.opentest4j:opentest4j:jar:1.1.1:compile]
[DEBUG] test classpath:  /home/s0/Code/Uni/SWPNP/softwareprojekt-2/target/test-classes  /home/s0/Code/Uni/SWPNP/softwareprojekt-2/target/classes  /home/s0/.m2/repository/javax/javaee-api/8.0/javaee-api-8.0.jar  /home/s0/.m2/repository/com/sun/mail/javax.mail/1.6.0/javax.mail-1.6.0.jar  /home/s0/.m2/repository/org/primefaces/primefaces/8.0.RC1/primefaces-8.0.RC1.jar  /home/s0/.m2/repository/org/omnifaces/omnifaces/3.2/omnifaces-3.2.jar  /home/s0/.m2/repository/org/primefaces/themes/all-themes/1.0.10/all-themes-1.0.10.jar  /home/s0/.m2/repository/com/github/javafaker/javafaker/0.17.2/javafaker-0.17.2.jar  /home/s0/.m2/repository/org/apache/commons/commons-lang3/3.5/commons-lang3-3.5.jar  /home/s0/.m2/repository/org/yaml/snakeyaml/1.23/snakeyaml-1.23-android.jar  /home/s0/.m2/repository/com/github/mifmif/generex/1.0.2/generex-1.0.2.jar  /home/s0/.m2/repository/dk/brics/automaton/automaton/1.11-8/automaton-1.11-8.jar  /home/s0/.m2/repository/org/projectlombok/lombok/1.18.10/lombok-1.18.10.jar  /home/s0/.m2/repository/nl/talsmasoftware/umldoclet/2.0.7/umldoclet-2.0.7.jar  /home/s0/.m2/repository/org/slf4j/slf4j-api/1.7.21/slf4j-api-1.7.21.jar  /home/s0/.m2/repository/org/slf4j/jcl-over-slf4j/1.7.21/jcl-over-slf4j-1.7.21.jar  /home/s0/.m2/repository/ch/qos/logback/logback-classic/1.2.3/logback-classic-1.2.3.jar  /home/s0/.m2/repository/ch/qos/logback/logback-core/1.2.3/logback-core-1.2.3.jar  /home/s0/.m2/repository/org/apache/shiro/shiro-core/1.5.1/shiro-core-1.5.1.jar  /home/s0/.m2/repository/org/apache/shiro/shiro-lang/1.5.1/shiro-lang-1.5.1.jar  /home/s0/.m2/repository/org/apache/shiro/shiro-cache/1.5.1/shiro-cache-1.5.1.jar  /home/s0/.m2/repository/org/apache/shiro/shiro-crypto-hash/1.5.1/shiro-crypto-hash-1.5.1.jar  /home/s0/.m2/repository/org/apache/shiro/shiro-crypto-core/1.5.1/shiro-crypto-core-1.5.1.jar  /home/s0/.m2/repository/org/apache/shiro/shiro-crypto-cipher/1.5.1/shiro-crypto-cipher-1.5.1.jar  /home/s0/.m2/repository/org/apache/shiro/shiro-config-core/1.5.1/shiro-config-core-1.5.1.jar  /home/s0/.m2/repository/org/apache/shiro/shiro-config-ogdl/1.5.1/shiro-config-ogdl-1.5.1.jar  /home/s0/.m2/repository/commons-beanutils/commons-beanutils/1.9.4/commons-beanutils-1.9.4.jar  /home/s0/.m2/repository/commons-collections/commons-collections/3.2.2/commons-collections-3.2.2.jar  /home/s0/.m2/repository/org/apache/shiro/shiro-event/1.5.1/shiro-event-1.5.1.jar  /home/s0/.m2/repository/org/apache/shiro/shiro-web/1.5.1/shiro-web-1.5.1.jar  /home/s0/.m2/repository/org/owasp/encoder/encoder/1.2.2/encoder-1.2.2.jar  /home/s0/.m2/repository/org/apache/shiro/shiro-faces/2.0/shiro-faces-2.0.jar  /home/s0/.m2/repository/javax/json/javax.json-api/1.1/javax.json-api-1.1.jar  /home/s0/.m2/repository/org/glassfish/javax.json/1.1/javax.json-1.1.jar  /home/s0/.m2/repository/javax/json/bind/javax.json.bind-api/1.0.0-RC2/javax.json.bind-api-1.0.0-RC2.jar  /home/s0/.m2/repository/org/eclipse/yasson/1.0.0-RC1/yasson-1.0.0-RC1.jar  /home/s0/.m2/repository/javax/enterprise/cdi-api/1.2/cdi-api-1.2.jar  /home/s0/.m2/repository/javax/el/javax.el-api/3.0.0/javax.el-api-3.0.0.jar  /home/s0/.m2/repository/javax/interceptor/javax.interceptor-api/1.2/javax.interceptor-api-1.2.jar  /home/s0/.m2/repository/javax/inject/javax.inject/1/javax.inject-1.jar  /home/s0/.m2/repository/javax/mail/mail/1.5.0-b01/mail-1.5.0-b01.jar  /home/s0/.m2/repository/javax/activation/activation/1.1/activation-1.1.jar  /home/s0/.m2/repository/org/junit/jupiter/junit-jupiter-engine/5.3.1/junit-jupiter-engine-5.3.1.jar  /home/s0/.m2/repository/org/apiguardian/apiguardian-api/1.0.0/apiguardian-api-1.0.0.jar  /home/s0/.m2/repository/org/junit/platform/junit-platform-engine/1.3.1/junit-platform-engine-1.3.1.jar  /home/s0/.m2/repository/org/junit/platform/junit-platform-commons/1.3.1/junit-platform-commons-1.3.1.jar  /home/s0/.m2/repository/org/opentest4j/opentest4j/1.1.1/opentest4j-1.1.1.jar  /home/s0/.m2/repository/org/junit/jupiter/junit-jupiter-api/5.3.1/junit-jupiter-api-5.3.1.jar  /home/s0/.m2/repository/org/mockito/mockito-core/2.21.0/mockito-core-2.21.0.jar  /home/s0/.m2/repository/net/bytebuddy/byte-buddy/1.8.15/byte-buddy-1.8.15.jar  /home/s0/.m2/repository/net/bytebuddy/byte-buddy-agent/1.8.15/byte-buddy-agent-1.8.15.jar  /home/s0/.m2/repository/org/objenesis/objenesis/2.6/objenesis-2.6.jar  /home/s0/.m2/repository/org/mockito/mockito-junit-jupiter/2.23.0/mockito-junit-jupiter-2.23.0.jar  /home/s0/.m2/repository/org/jboss/weld/weld-junit5/2.0.1.Final/weld-junit5-2.0.1.Final.jar  /home/s0/.m2/repository/org/jboss/weld/se/weld-se-core/3.1.2.Final/weld-se-core-3.1.2.Final.jar  /home/s0/.m2/repository/org/jboss/weld/environment/weld-environment-common/3.1.2.Final/weld-environment-common-3.1.2.Final.jar  /home/s0/.m2/repository/org/jboss/weld/weld-core-impl/3.1.2.Final/weld-core-impl-3.1.2.Final.jar  /home/s0/.m2/repository/org/jboss/weld/weld-api/3.1.SP1/weld-api-3.1.SP1.jar  /home/s0/.m2/repository/org/jboss/weld/weld-spi/3.1.SP1/weld-spi-3.1.SP1.jar  /home/s0/.m2/repository/org/jboss/spec/javax/annotation/jboss-annotations-api_1.3_spec/1.0.0.Final/jboss-annotations-api_1.3_spec-1.0.0.Final.jar  /home/s0/.m2/repository/org/jboss/spec/javax/el/jboss-el-api_3.0_spec/1.0.13.Final/jboss-el-api_3.0_spec-1.0.13.Final.jar  /home/s0/.m2/repository/org/jboss/spec/javax/interceptor/jboss-interceptors-api_1.2_spec/1.0.0.Final/jboss-interceptors-api_1.2_spec-1.0.0.Final.jar  /home/s0/.m2/repository/org/jboss/logging/jboss-logging/3.2.1.Final/jboss-logging-3.2.1.Final.jar  /home/s0/.m2/repository/org/jboss/weld/probe/weld-probe-core/3.1.2.Final/weld-probe-core-3.1.2.Final.jar  /home/s0/.m2/repository/org/jboss/classfilewriter/jboss-classfilewriter/1.2.4.Final/jboss-classfilewriter-1.2.4.Final.jar  /home/s0/.m2/repository/org/jboss/weld/weld-junit-common/2.0.1.Final/weld-junit-common-2.0.1.Final.jar  /home/s0/.m2/repository/org/hibernate/javax/persistence/hibernate-jpa-2.1-api/1.0.0.Final/hibernate-jpa-2.1-api-1.0.0.Final.jar
[DEBUG] provider classpath:  /home/s0/.m2/repository/org/apache/maven/surefire/surefire-junit-platform/3.0.0-M4/surefire-junit-platform-3.0.0-M4.jar  /home/s0/.m2/repository/org/apache/maven/surefire/surefire-api/3.0.0-M4/surefire-api-3.0.0-M4.jar  /home/s0/.m2/repository/org/apache/maven/surefire/surefire-logger-api/3.0.0-M4/surefire-logger-api-3.0.0-M4.jar  /home/s0/.m2/repository/org/apache/maven/surefire/common-java5/3.0.0-M4/common-java5-3.0.0-M4.jar  /home/s0/.m2/repository/org/junit/platform/junit-platform-launcher/1.3.1/junit-platform-launcher-1.3.1.jar
[DEBUG] test(compact) classpath:  test-classes  classes  javaee-api-8.0.jar  javax.mail-1.6.0.jar  primefaces-8.0.RC1.jar  omnifaces-3.2.jar  all-themes-1.0.10.jar  javafaker-0.17.2.jar  commons-lang3-3.5.jar  snakeyaml-1.23-android.jar  generex-1.0.2.jar  automaton-1.11-8.jar  lombok-1.18.10.jar  umldoclet-2.0.7.jar  slf4j-api-1.7.21.jar  jcl-over-slf4j-1.7.21.jar  logback-classic-1.2.3.jar  logback-core-1.2.3.jar  shiro-core-1.5.1.jar  shiro-lang-1.5.1.jar  shiro-cache-1.5.1.jar  shiro-crypto-hash-1.5.1.jar  shiro-crypto-core-1.5.1.jar  shiro-crypto-cipher-1.5.1.jar  shiro-config-core-1.5.1.jar  shiro-config-ogdl-1.5.1.jar  commons-beanutils-1.9.4.jar  commons-collections-3.2.2.jar  shiro-event-1.5.1.jar  shiro-web-1.5.1.jar  encoder-1.2.2.jar  shiro-faces-2.0.jar  javax.json-api-1.1.jar  javax.json-1.1.jar  javax.json.bind-api-1.0.0-RC2.jar  yasson-1.0.0-RC1.jar  cdi-api-1.2.jar  javax.el-api-3.0.0.jar  javax.interceptor-api-1.2.jar  javax.inject-1.jar  mail-1.5.0-b01.jar  activation-1.1.jar  junit-jupiter-engine-5.3.1.jar  apiguardian-api-1.0.0.jar  junit-platform-engine-1.3.1.jar  junit-platform-commons-1.3.1.jar  opentest4j-1.1.1.jar  junit-jupiter-api-5.3.1.jar  mockito-core-2.21.0.jar  byte-buddy-1.8.15.jar  byte-buddy-agent-1.8.15.jar  objenesis-2.6.jar  mockito-junit-jupiter-2.23.0.jar  weld-junit5-2.0.1.Final.jar  weld-se-core-3.1.2.Final.jar  weld-environment-common-3.1.2.Final.jar  weld-core-impl-3.1.2.Final.jar  weld-api-3.1.SP1.jar  weld-spi-3.1.SP1.jar  jboss-annotations-api_1.3_spec-1.0.0.Final.jar  jboss-el-api_3.0_spec-1.0.13.Final.jar  jboss-interceptors-api_1.2_spec-1.0.0.Final.jar  jboss-logging-3.2.1.Final.jar  weld-probe-core-3.1.2.Final.jar  jboss-classfilewriter-1.2.4.Final.jar  weld-junit-common-2.0.1.Final.jar  hibernate-jpa-2.1-api-1.0.0.Final.jar
[DEBUG] provider(compact) classpath:  surefire-junit-platform-3.0.0-M4.jar  surefire-api-3.0.0-M4.jar  surefire-logger-api-3.0.0-M4.jar  common-java5-3.0.0-M4.jar  junit-platform-launcher-1.3.1.jar
[DEBUG] in-process classpath:  /home/s0/.m2/repository/org/apache/maven/surefire/surefire-junit-platform/3.0.0-M4/surefire-junit-platform-3.0.0-M4.jar  /home/s0/.m2/repository/org/apache/maven/surefire/surefire-api/3.0.0-M4/surefire-api-3.0.0-M4.jar  /home/s0/.m2/repository/org/apache/maven/surefire/surefire-logger-api/3.0.0-M4/surefire-logger-api-3.0.0-M4.jar  /home/s0/.m2/repository/org/apache/maven/surefire/common-java5/3.0.0-M4/common-java5-3.0.0-M4.jar  /home/s0/.m2/repository/org/junit/platform/junit-platform-launcher/1.3.1/junit-platform-launcher-1.3.1.jar  /home/s0/.m2/repository/org/apache/maven/surefire/maven-surefire-common/3.0.0-M4/maven-surefire-common-3.0.0-M4.jar  /home/s0/.m2/repository/org/apache/maven/surefire/surefire-extensions-api/3.0.0-M4/surefire-extensions-api-3.0.0-M4.jar
[DEBUG] in-process(compact) classpath:  surefire-junit-platform-3.0.0-M4.jar  surefire-api-3.0.0-M4.jar  surefire-logger-api-3.0.0-M4.jar  common-java5-3.0.0-M4.jar  junit-platform-launcher-1.3.1.jar  maven-surefire-common-3.0.0-M4.jar  surefire-extensions-api-3.0.0-M4.jar
[INFO] 
[INFO] -------------------------------------------------------
[INFO]  T E S T S
[INFO] -------------------------------------------------------
[DEBUG] Determined Maven Process ID 21701
[DEBUG] boot classpath:  /home/s0/.m2/repository/org/apache/maven/surefire/surefire-booter/3.0.0-M4/surefire-booter-3.0.0-M4.jar  /home/s0/.m2/repository/org/apache/maven/surefire/surefire-api/3.0.0-M4/surefire-api-3.0.0-M4.jar  /home/s0/.m2/repository/org/apache/maven/surefire/surefire-logger-api/3.0.0-M4/surefire-logger-api-3.0.0-M4.jar  /home/s0/Code/Uni/SWPNP/softwareprojekt-2/target/test-classes  /home/s0/Code/Uni/SWPNP/softwareprojekt-2/target/classes  /home/s0/.m2/repository/javax/javaee-api/8.0/javaee-api-8.0.jar  /home/s0/.m2/repository/com/sun/mail/javax.mail/1.6.0/javax.mail-1.6.0.jar  /home/s0/.m2/repository/org/primefaces/primefaces/8.0.RC1/primefaces-8.0.RC1.jar  /home/s0/.m2/repository/org/omnifaces/omnifaces/3.2/omnifaces-3.2.jar  /home/s0/.m2/repository/org/primefaces/themes/all-themes/1.0.10/all-themes-1.0.10.jar  /home/s0/.m2/repository/com/github/javafaker/javafaker/0.17.2/javafaker-0.17.2.jar  /home/s0/.m2/repository/org/apache/commons/commons-lang3/3.5/commons-lang3-3.5.jar  /home/s0/.m2/repository/org/yaml/snakeyaml/1.23/snakeyaml-1.23-android.jar  /home/s0/.m2/repository/com/github/mifmif/generex/1.0.2/generex-1.0.2.jar  /home/s0/.m2/repository/dk/brics/automaton/automaton/1.11-8/automaton-1.11-8.jar  /home/s0/.m2/repository/org/projectlombok/lombok/1.18.10/lombok-1.18.10.jar  /home/s0/.m2/repository/nl/talsmasoftware/umldoclet/2.0.7/umldoclet-2.0.7.jar  /home/s0/.m2/repository/org/slf4j/slf4j-api/1.7.21/slf4j-api-1.7.21.jar  /home/s0/.m2/repository/org/slf4j/jcl-over-slf4j/1.7.21/jcl-over-slf4j-1.7.21.jar  /home/s0/.m2/repository/ch/qos/logback/logback-classic/1.2.3/logback-classic-1.2.3.jar  /home/s0/.m2/repository/ch/qos/logback/logback-core/1.2.3/logback-core-1.2.3.jar  /home/s0/.m2/repository/org/apache/shiro/shiro-core/1.5.1/shiro-core-1.5.1.jar  /home/s0/.m2/repository/org/apache/shiro/shiro-lang/1.5.1/shiro-lang-1.5.1.jar  /home/s0/.m2/repository/org/apache/shiro/shiro-cache/1.5.1/shiro-cache-1.5.1.jar  /home/s0/.m2/repository/org/apache/shiro/shiro-crypto-hash/1.5.1/shiro-crypto-hash-1.5.1.jar  /home/s0/.m2/repository/org/apache/shiro/shiro-crypto-core/1.5.1/shiro-crypto-core-1.5.1.jar  /home/s0/.m2/repository/org/apache/shiro/shiro-crypto-cipher/1.5.1/shiro-crypto-cipher-1.5.1.jar  /home/s0/.m2/repository/org/apache/shiro/shiro-config-core/1.5.1/shiro-config-core-1.5.1.jar  /home/s0/.m2/repository/org/apache/shiro/shiro-config-ogdl/1.5.1/shiro-config-ogdl-1.5.1.jar  /home/s0/.m2/repository/commons-beanutils/commons-beanutils/1.9.4/commons-beanutils-1.9.4.jar  /home/s0/.m2/repository/commons-collections/commons-collections/3.2.2/commons-collections-3.2.2.jar  /home/s0/.m2/repository/org/apache/shiro/shiro-event/1.5.1/shiro-event-1.5.1.jar  /home/s0/.m2/repository/org/apache/shiro/shiro-web/1.5.1/shiro-web-1.5.1.jar  /home/s0/.m2/repository/org/owasp/encoder/encoder/1.2.2/encoder-1.2.2.jar  /home/s0/.m2/repository/org/apache/shiro/shiro-faces/2.0/shiro-faces-2.0.jar  /home/s0/.m2/repository/javax/json/javax.json-api/1.1/javax.json-api-1.1.jar  /home/s0/.m2/repository/org/glassfish/javax.json/1.1/javax.json-1.1.jar  /home/s0/.m2/repository/javax/json/bind/javax.json.bind-api/1.0.0-RC2/javax.json.bind-api-1.0.0-RC2.jar  /home/s0/.m2/repository/org/eclipse/yasson/1.0.0-RC1/yasson-1.0.0-RC1.jar  /home/s0/.m2/repository/javax/enterprise/cdi-api/1.2/cdi-api-1.2.jar  /home/s0/.m2/repository/javax/el/javax.el-api/3.0.0/javax.el-api-3.0.0.jar  /home/s0/.m2/repository/javax/interceptor/javax.interceptor-api/1.2/javax.interceptor-api-1.2.jar  /home/s0/.m2/repository/javax/inject/javax.inject/1/javax.inject-1.jar  /home/s0/.m2/repository/javax/mail/mail/1.5.0-b01/mail-1.5.0-b01.jar  /home/s0/.m2/repository/javax/activation/activation/1.1/activation-1.1.jar  /home/s0/.m2/repository/org/junit/jupiter/junit-jupiter-engine/5.3.1/junit-jupiter-engine-5.3.1.jar  /home/s0/.m2/repository/org/apiguardian/apiguardian-api/1.0.0/apiguardian-api-1.0.0.jar  /home/s0/.m2/repository/org/junit/platform/junit-platform-engine/1.3.1/junit-platform-engine-1.3.1.jar  /home/s0/.m2/repository/org/junit/platform/junit-platform-commons/1.3.1/junit-platform-commons-1.3.1.jar  /home/s0/.m2/repository/org/opentest4j/opentest4j/1.1.1/opentest4j-1.1.1.jar  /home/s0/.m2/repository/org/junit/jupiter/junit-jupiter-api/5.3.1/junit-jupiter-api-5.3.1.jar  /home/s0/.m2/repository/org/mockito/mockito-core/2.21.0/mockito-core-2.21.0.jar  /home/s0/.m2/repository/net/bytebuddy/byte-buddy/1.8.15/byte-buddy-1.8.15.jar  /home/s0/.m2/repository/net/bytebuddy/byte-buddy-agent/1.8.15/byte-buddy-agent-1.8.15.jar  /home/s0/.m2/repository/org/objenesis/objenesis/2.6/objenesis-2.6.jar  /home/s0/.m2/repository/org/mockito/mockito-junit-jupiter/2.23.0/mockito-junit-jupiter-2.23.0.jar  /home/s0/.m2/repository/org/jboss/weld/weld-junit5/2.0.1.Final/weld-junit5-2.0.1.Final.jar  /home/s0/.m2/repository/org/jboss/weld/se/weld-se-core/3.1.2.Final/weld-se-core-3.1.2.Final.jar  /home/s0/.m2/repository/org/jboss/weld/environment/weld-environment-common/3.1.2.Final/weld-environment-common-3.1.2.Final.jar  /home/s0/.m2/repository/org/jboss/weld/weld-core-impl/3.1.2.Final/weld-core-impl-3.1.2.Final.jar  /home/s0/.m2/repository/org/jboss/weld/weld-api/3.1.SP1/weld-api-3.1.SP1.jar  /home/s0/.m2/repository/org/jboss/weld/weld-spi/3.1.SP1/weld-spi-3.1.SP1.jar  /home/s0/.m2/repository/org/jboss/spec/javax/annotation/jboss-annotations-api_1.3_spec/1.0.0.Final/jboss-annotations-api_1.3_spec-1.0.0.Final.jar  /home/s0/.m2/repository/org/jboss/spec/javax/el/jboss-el-api_3.0_spec/1.0.13.Final/jboss-el-api_3.0_spec-1.0.13.Final.jar  /home/s0/.m2/repository/org/jboss/spec/javax/interceptor/jboss-interceptors-api_1.2_spec/1.0.0.Final/jboss-interceptors-api_1.2_spec-1.0.0.Final.jar  /home/s0/.m2/repository/org/jboss/logging/jboss-logging/3.2.1.Final/jboss-logging-3.2.1.Final.jar  /home/s0/.m2/repository/org/jboss/weld/probe/weld-probe-core/3.1.2.Final/weld-probe-core-3.1.2.Final.jar  /home/s0/.m2/repository/org/jboss/classfilewriter/jboss-classfilewriter/1.2.4.Final/jboss-classfilewriter-1.2.4.Final.jar  /home/s0/.m2/repository/org/jboss/weld/weld-junit-common/2.0.1.Final/weld-junit-common-2.0.1.Final.jar  /home/s0/.m2/repository/org/hibernate/javax/persistence/hibernate-jpa-2.1-api/1.0.0.Final/hibernate-jpa-2.1-api-1.0.0.Final.jar  /home/s0/.m2/repository/org/apache/maven/surefire/surefire-junit-platform/3.0.0-M4/surefire-junit-platform-3.0.0-M4.jar  /home/s0/.m2/repository/org/apache/maven/surefire/common-java5/3.0.0-M4/common-java5-3.0.0-M4.jar  /home/s0/.m2/repository/org/junit/platform/junit-platform-launcher/1.3.1/junit-platform-launcher-1.3.1.jar
[DEBUG] boot(compact) classpath:  surefire-booter-3.0.0-M4.jar  surefire-api-3.0.0-M4.jar  surefire-logger-api-3.0.0-M4.jar  test-classes  classes  javaee-api-8.0.jar  javax.mail-1.6.0.jar  primefaces-8.0.RC1.jar  omnifaces-3.2.jar  all-themes-1.0.10.jar  javafaker-0.17.2.jar  commons-lang3-3.5.jar  snakeyaml-1.23-android.jar  generex-1.0.2.jar  automaton-1.11-8.jar  lombok-1.18.10.jar  umldoclet-2.0.7.jar  slf4j-api-1.7.21.jar  jcl-over-slf4j-1.7.21.jar  logback-classic-1.2.3.jar  logback-core-1.2.3.jar  shiro-core-1.5.1.jar  shiro-lang-1.5.1.jar  shiro-cache-1.5.1.jar  shiro-crypto-hash-1.5.1.jar  shiro-crypto-core-1.5.1.jar  shiro-crypto-cipher-1.5.1.jar  shiro-config-core-1.5.1.jar  shiro-config-ogdl-1.5.1.jar  commons-beanutils-1.9.4.jar  commons-collections-3.2.2.jar  shiro-event-1.5.1.jar  shiro-web-1.5.1.jar  encoder-1.2.2.jar  shiro-faces-2.0.jar  javax.json-api-1.1.jar  javax.json-1.1.jar  javax.json.bind-api-1.0.0-RC2.jar  yasson-1.0.0-RC1.jar  cdi-api-1.2.jar  javax.el-api-3.0.0.jar  javax.interceptor-api-1.2.jar  javax.inject-1.jar  mail-1.5.0-b01.jar  activation-1.1.jar  junit-jupiter-engine-5.3.1.jar  apiguardian-api-1.0.0.jar  junit-platform-engine-1.3.1.jar  junit-platform-commons-1.3.1.jar  opentest4j-1.1.1.jar  junit-jupiter-api-5.3.1.jar  mockito-core-2.21.0.jar  byte-buddy-1.8.15.jar  byte-buddy-agent-1.8.15.jar  objenesis-2.6.jar  mockito-junit-jupiter-2.23.0.jar  weld-junit5-2.0.1.Final.jar  weld-se-core-3.1.2.Final.jar  weld-environment-common-3.1.2.Final.jar  weld-core-impl-3.1.2.Final.jar  weld-api-3.1.SP1.jar  weld-spi-3.1.SP1.jar  jboss-annotations-api_1.3_spec-1.0.0.Final.jar  jboss-el-api_3.0_spec-1.0.13.Final.jar  jboss-interceptors-api_1.2_spec-1.0.0.Final.jar  jboss-logging-3.2.1.Final.jar  weld-probe-core-3.1.2.Final.jar  jboss-classfilewriter-1.2.4.Final.jar  weld-junit-common-2.0.1.Final.jar  hibernate-jpa-2.1-api-1.0.0.Final.jar  surefire-junit-platform-3.0.0-M4.jar  common-java5-3.0.0-M4.jar  junit-platform-launcher-1.3.1.jar
[DEBUG] Forking command line: /bin/sh -c cd /home/s0/Code/Uni/SWPNP/softwareprojekt-2 && /usr/lib/jvm/java-13-openjdk/bin/java org.apache.maven.surefire.booter.ForkedBooter /home/s0/Code/Uni/SWPNP/softwareprojekt-2/target/surefire 2020-02-25T21-23-16_771-jvmRun1 surefire7085492350845977869tmp surefire_03994112804631298139tmp
[DEBUG] PpidChecker{ppid=21701, stopped=false, canExecuteLocalUnixPs=true, canExecuteStandardUnixPs=true}
[INFO] Running de.unibremen.sfb.controller.InitialDataFillerTest
[ERROR] Tests run: 2, Failures: 0, Errors: 1, Skipped: 0, Time elapsed: 0.071 s <<< FAILURE! - in de.unibremen.sfb.controller.InitialDataFillerTest
[ERROR] de.unibremen.sfb.controller.InitialDataFillerTest.testAuftrag  Time elapsed: 0.061 s  <<< ERROR!
java.lang.NullPointerException
	at de.unibremen.sfb.controller.InitialDataFillerTest.testAuftrag(InitialDataFillerTest.java:33)

[INFO] Running de.unibremen.sfb.model.ProbeTest

[
    {
        "kommentar": [
            {
                "dateTime": "2020-02-25T21:23:17.552634",
                "id": 0,
                "text": "Hallo Welt",
                "validData": true
            }
        ],
        "probenID": "14",
        "qualitativeEigenschaften": [
            {
                "id": -172886661,
                "name": "getestet",
                "validData": true
            }
        ],
        "standort": {
            "id": 1231966602,
            "ort": "Hier",
            "validData": true
        },
        "validData": true
    }
]
[INFO] Tests run: 1, Failures: 0, Errors: 0, Skipped: 0, Time elapsed: 0.123 s - in de.unibremen.sfb.model.ProbeTest
[INFO] Running de.unibremen.sfb.service.ExperimentierStationServiceTest
[ERROR] Tests run: 4, Failures: 4, Errors: 0, Skipped: 0, Time elapsed: 0.011 s <<< FAILURE! - in de.unibremen.sfb.service.ExperimentierStationServiceTest
[ERROR] de.unibremen.sfb.service.ExperimentierStationServiceTest.getAll  Time elapsed: 0.004 s  <<< FAILURE!
org.opentest4j.AssertionFailedError: expected: not <null>
	at de.unibremen.sfb.service.ExperimentierStationServiceTest.serviceCheck(ExperimentierStationServiceTest.java:52)

[ERROR] de.unibremen.sfb.service.ExperimentierStationServiceTest.findByName  Time elapsed: 0 s  <<< FAILURE!
org.opentest4j.AssertionFailedError: expected: not <null>
	at de.unibremen.sfb.service.ExperimentierStationServiceTest.serviceCheck(ExperimentierStationServiceTest.java:52)

[ERROR] de.unibremen.sfb.service.ExperimentierStationServiceTest.getById  Time elapsed: 0 s  <<< FAILURE!
org.opentest4j.AssertionFailedError: expected: not <null>
	at de.unibremen.sfb.service.ExperimentierStationServiceTest.serviceCheck(ExperimentierStationServiceTest.java:52)

[ERROR] de.unibremen.sfb.service.ExperimentierStationServiceTest.cycle  Time elapsed: 0.001 s  <<< FAILURE!
org.opentest4j.AssertionFailedError: expected: not <null>
	at de.unibremen.sfb.service.ExperimentierStationServiceTest.serviceCheck(ExperimentierStationServiceTest.java:52)

[INFO] Running de.unibremen.sfb.service.QuantitativeEigenschaftServiceTest
[ERROR] Tests run: 1, Failures: 0, Errors: 1, Skipped: 0, Time elapsed: 0.276 s <<< FAILURE! - in de.unibremen.sfb.service.QuantitativeEigenschaftServiceTest
[ERROR] de.unibremen.sfb.service.QuantitativeEigenschaftServiceTest.FirstTest  Time elapsed: 0.272 s  <<< ERROR!
org.mockito.exceptions.base.MockitoException: 

Cannot instantiate @InjectMocks field named 'quantitativeEigenschaft' of type 'class de.unibremen.sfb.model.QuantitativeEigenschaft'.
You haven't provided the instance at field declaration so I tried to construct the instance.
However the constructor or the initialization block threw an exception : name is marked non-null but is null

Caused by: java.lang.NullPointerException: name is marked non-null but is null

[INFO] 
[INFO] Results:
[INFO] 
[ERROR] Failures: 
[ERROR]   ExperimentierStationServiceTest.serviceCheck:52 expected: not <null>
[ERROR]   ExperimentierStationServiceTest.serviceCheck:52 expected: not <null>
[ERROR]   ExperimentierStationServiceTest.serviceCheck:52 expected: not <null>
[ERROR]   ExperimentierStationServiceTest.serviceCheck:52 expected: not <null>
[ERROR] Errors: 
[ERROR]   InitialDataFillerTest.testAuftrag:33 NullPointer
[ERROR]   QuantitativeEigenschaftServiceTest.FirstTest » Mockito 
Cannot instantiate @In...
[INFO] 
[ERROR] Tests run: 8, Failures: 4, Errors: 2, Skipped: 0
[INFO] 
[INFO] ------------------------------------------------------------------------
[INFO] BUILD FAILURE
[INFO] ------------------------------------------------------------------------
[INFO] Total time:  2.699 s
[INFO] Finished at: 2020-02-25T21:23:18+01:00
[INFO] ------------------------------------------------------------------------
[ERROR] Failed to execute goal org.apache.maven.plugins:maven-surefire-plugin:3.0.0-M4:test (default-test) on project SFB-Farbig: There are test failures.
[ERROR] 
[ERROR] Please refer to /home/s0/Code/Uni/SWPNP/softwareprojekt-2/target/surefire-reports for the individual test results.
[ERROR] Please refer to dump files (if any exist) [date].dump, [date]-jvmRun[N].dump and [date].dumpstream.
[ERROR] -> [Help 1]
org.apache.maven.lifecycle.LifecycleExecutionException: Failed to execute goal org.apache.maven.plugins:maven-surefire-plugin:3.0.0-M4:test (default-test) on project SFB-Farbig: There are test failures.

Please refer to /home/s0/Code/Uni/SWPNP/softwareprojekt-2/target/surefire-reports for the individual test results.
Please refer to dump files (if any exist) [date].dump, [date]-jvmRun[N].dump and [date].dumpstream.
    at org.apache.maven.lifecycle.internal.MojoExecutor.execute (MojoExecutor.java:215)
    at org.apache.maven.lifecycle.internal.MojoExecutor.execute (MojoExecutor.java:156)
    at org.apache.maven.lifecycle.internal.MojoExecutor.execute (MojoExecutor.java:148)
    at org.apache.maven.lifecycle.internal.LifecycleModuleBuilder.buildProject (LifecycleModuleBuilder.java:117)
    at org.apache.maven.lifecycle.internal.LifecycleModuleBuilder.buildProject (LifecycleModuleBuilder.java:81)
    at org.apache.maven.lifecycle.internal.builder.singlethreaded.SingleThreadedBuilder.build (SingleThreadedBuilder.java:56)
    at org.apache.maven.lifecycle.internal.LifecycleStarter.execute (LifecycleStarter.java:128)
    at org.apache.maven.DefaultMaven.doExecute (DefaultMaven.java:305)
    at org.apache.maven.DefaultMaven.doExecute (DefaultMaven.java:192)
    at org.apache.maven.DefaultMaven.execute (DefaultMaven.java:105)
    at org.apache.maven.cli.MavenCli.execute (MavenCli.java:957)
    at org.apache.maven.cli.MavenCli.doMain (MavenCli.java:289)
    at org.apache.maven.cli.MavenCli.main (MavenCli.java:193)
    at jdk.internal.reflect.NativeMethodAccessorImpl.invoke0 (Native Method)
    at jdk.internal.reflect.NativeMethodAccessorImpl.invoke (NativeMethodAccessorImpl.java:62)
    at jdk.internal.reflect.DelegatingMethodAccessorImpl.invoke (DelegatingMethodAccessorImpl.java:43)
    at java.lang.reflect.Method.invoke (Method.java:567)
    at org.codehaus.plexus.classworlds.launcher.Launcher.launchEnhanced (Launcher.java:282)
    at org.codehaus.plexus.classworlds.launcher.Launcher.launch (Launcher.java:225)
    at org.codehaus.plexus.classworlds.launcher.Launcher.mainWithExitCode (Launcher.java:406)
    at org.codehaus.plexus.classworlds.launcher.Launcher.main (Launcher.java:347)
Caused by: org.apache.maven.plugin.MojoFailureException: There are test failures.

Please refer to /home/s0/Code/Uni/SWPNP/softwareprojekt-2/target/surefire-reports for the individual test results.
Please refer to dump files (if any exist) [date].dump, [date]-jvmRun[N].dump and [date].dumpstream.
    at org.apache.maven.plugin.surefire.SurefireHelper.throwException (SurefireHelper.java:271)
    at org.apache.maven.plugin.surefire.SurefireHelper.reportExecution (SurefireHelper.java:159)
    at org.apache.maven.plugin.surefire.SurefirePlugin.handleSummary (SurefirePlugin.java:435)
    at org.apache.maven.plugin.surefire.AbstractSurefireMojo.executeAfterPreconditionsChecked (AbstractSurefireMojo.java:1079)
    at org.apache.maven.plugin.surefire.AbstractSurefireMojo.execute (AbstractSurefireMojo.java:889)
    at org.apache.maven.plugin.DefaultBuildPluginManager.executeMojo (DefaultBuildPluginManager.java:137)
    at org.apache.maven.lifecycle.internal.MojoExecutor.execute (MojoExecutor.java:210)
    at org.apache.maven.lifecycle.internal.MojoExecutor.execute (MojoExecutor.java:156)
    at org.apache.maven.lifecycle.internal.MojoExecutor.execute (MojoExecutor.java:148)
    at org.apache.maven.lifecycle.internal.LifecycleModuleBuilder.buildProject (LifecycleModuleBuilder.java:117)
    at org.apache.maven.lifecycle.internal.LifecycleModuleBuilder.buildProject (LifecycleModuleBuilder.java:81)
    at org.apache.maven.lifecycle.internal.builder.singlethreaded.SingleThreadedBuilder.build (SingleThreadedBuilder.java:56)
    at org.apache.maven.lifecycle.internal.LifecycleStarter.execute (LifecycleStarter.java:128)
    at org.apache.maven.DefaultMaven.doExecute (DefaultMaven.java:305)
    at org.apache.maven.DefaultMaven.doExecute (DefaultMaven.java:192)
    at org.apache.maven.DefaultMaven.execute (DefaultMaven.java:105)
    at org.apache.maven.cli.MavenCli.execute (MavenCli.java:957)
    at org.apache.maven.cli.MavenCli.doMain (MavenCli.java:289)
    at org.apache.maven.cli.MavenCli.main (MavenCli.java:193)
    at jdk.internal.reflect.NativeMethodAccessorImpl.invoke0 (Native Method)
    at jdk.internal.reflect.NativeMethodAccessorImpl.invoke (NativeMethodAccessorImpl.java:62)
    at jdk.internal.reflect.DelegatingMethodAccessorImpl.invoke (DelegatingMethodAccessorImpl.java:43)
    at java.lang.reflect.Method.invoke (Method.java:567)
    at org.codehaus.plexus.classworlds.launcher.Launcher.launchEnhanced (Launcher.java:282)
    at org.codehaus.plexus.classworlds.launcher.Launcher.launch (Launcher.java:225)
    at org.codehaus.plexus.classworlds.launcher.Launcher.mainWithExitCode (Launcher.java:406)
    at org.codehaus.plexus.classworlds.launcher.Launcher.main (Launcher.java:347)
[ERROR] 
[ERROR] 
[ERROR] For more information about the errors and possible solutions, please read the following articles:
[ERROR] [Help 1] http://cwiki.apache.org/confluence/display/MAVEN/MojoFailureException
